Makefile:675: avertissement : surchargement de la recette pour la cible « ui_mainwindow.h »
Makefile:616: avertissement : ancienne recette ignorée pour la cible « ui_mainwindow.h »
/usr/lib/x86_64-linux-gnu/qt5/bin/uic mainwindow.ui -o ui_mainwindow.h
/usr/lib/x86_64-linux-gnu/qt5/bin/uic options1.ui -o ui_options1.h
/usr/lib/x86_64-linux-gnu/qt5/bin/uic affichesolutions.ui -o ui_affichesolutions.h
/usr/lib/x86_64-linux-gnu/qt5/bin/uic options2.ui -o ui_options2.h
/usr/lib/x86_64-linux-gnu/qt5/bin/uic affichestr2str.ui -o ui_affichestr2str.h
/usr/lib/x86_64-linux-gnu/qt5/bin/uic optionsstr2str.ui -o ui_optionsstr2str.h
/usr/lib/x86_64-linux-gnu/qt5/bin/uic gestionconfig.ui -o ui_gestionconfig.h
/usr/lib/x86_64-linux-gnu/qt5/bin/uic choixedite.ui -o ui_choixedite.h
/usr/lib/x86_64-linux-gnu/qt5/bin/uic editeconfig.ui -o ui_editeconfig.h
/usr/lib/x86_64-linux-gnu/qt5/bin/uic choixstr2str.ui -o ui_choixstr2str.h
/usr/lib/x86_64-linux-gnu/qt5/bin/uic choixconfig.ui -o ui_choixconfig.h
/usr/lib/x86_64-linux-gnu/qt5/bin/uic optionssauvepoints.ui -o ui_optionssauvepoints.h
/usr/lib/x86_64-linux-gnu/qt5/bin/uic clavier.ui -o ui_clavier.h
/usr/lib/x86_64-linux-gnu/qt5/bin/uic mylineedit.ui -o ui_mylineedit.h
/usr/lib/x86_64-linux-gnu/qt5/bin/uic mycombobox.ui -o ui_mycombobox.h
/usr/lib/x86_64-linux-gnu/qt5/bin/uic mydialog.ui -o ui_mydialog.h
/usr/lib/x86_64-linux-gnu/qt5/bin/uic optionsstartatboot.ui -o ui_optionsstartatboot.h
g++ -c -m64 -pipe -std=c++0x -g -Wall -W -D_REENTRANT -fPIC -DQT_PRINTSUPPORT_LIB -DQT_WIDGETS_LIB -DQT_GUI_LIB -DQT_NETWORK_LIB -DQT_CORE_LIB -I. -Ilib/rtklib -isystem /usr/include/x86_64-linux-gnu/qt5 -isystem /usr/include/x86_64-linux-gnu/qt5/QtPrintSupport -isystem /usr/include/x86_64-linux-gnu/qt5/QtWidgets -isystem /usr/include/x86_64-linux-gnu/qt5/QtGui -isystem /usr/include/x86_64-linux-gnu/qt5/QtNetwork -isystem /usr/include/x86_64-linux-gnu/qt5/QtCore -I. -I. -I/usr/lib/x86_64-linux-gnu/qt5/mkspecs/linux-g++-64 -o main.o main.cpp
g++ -c -m64 -pipe -std=c++0x -g -Wall -W -D_REENTRANT -fPIC -DQT_PRINTSUPPORT_LIB -DQT_WIDGETS_LIB -DQT_GUI_LIB -DQT_NETWORK_LIB -DQT_CORE_LIB -I. -Ilib/rtklib -isystem /usr/include/x86_64-linux-gnu/qt5 -isystem /usr/include/x86_64-linux-gnu/qt5/QtPrintSupport -isystem /usr/include/x86_64-linux-gnu/qt5/QtWidgets -isystem /usr/include/x86_64-linux-gnu/qt5/QtGui -isystem /usr/include/x86_64-linux-gnu/qt5/QtNetwork -isystem /usr/include/x86_64-linux-gnu/qt5/QtCore -I. -I. -I/usr/lib/x86_64-linux-gnu/qt5/mkspecs/linux-g++-64 -o mainwindow.o mainwindow.cpp
g++ -c -m64 -pipe -std=c++0x -g -Wall -W -D_REENTRANT -fPIC -DQT_PRINTSUPPORT_LIB -DQT_WIDGETS_LIB -DQT_GUI_LIB -DQT_NETWORK_LIB -DQT_CORE_LIB -I. -Ilib/rtklib -isystem /usr/include/x86_64-linux-gnu/qt5 -isystem /usr/include/x86_64-linux-gnu/qt5/QtPrintSupport -isystem /usr/include/x86_64-linux-gnu/qt5/QtWidgets -isystem /usr/include/x86_64-linux-gnu/qt5/QtGui -isystem /usr/include/x86_64-linux-gnu/qt5/QtNetwork -isystem /usr/include/x86_64-linux-gnu/qt5/QtCore -I. -I. -I/usr/lib/x86_64-linux-gnu/qt5/mkspecs/linux-g++-64 -o threadheuresysteme.o threadheuresysteme.cpp
g++ -c -m64 -pipe -std=c++0x -g -Wall -W -D_REENTRANT -fPIC -DQT_PRINTSUPPORT_LIB -DQT_WIDGETS_LIB -DQT_GUI_LIB -DQT_NETWORK_LIB -DQT_CORE_LIB -I. -Ilib/rtklib -isystem /usr/include/x86_64-linux-gnu/qt5 -isystem /usr/include/x86_64-linux-gnu/qt5/QtPrintSupport -isystem /usr/include/x86_64-linux-gnu/qt5/QtWidgets -isystem /usr/include/x86_64-linux-gnu/qt5/QtGui -isystem /usr/include/x86_64-linux-gnu/qt5/QtNetwork -isystem /usr/include/x86_64-linux-gnu/qt5/QtCore -I. -I. -I/usr/lib/x86_64-linux-gnu/qt5/mkspecs/linux-g++-64 -o magraphicsscene.o magraphicsscene.cpp
g++ -c -m64 -pipe -std=c++0x -g -Wall -W -D_REENTRANT -fPIC -DQT_PRINTSUPPORT_LIB -DQT_WIDGETS_LIB -DQT_GUI_LIB -DQT_NETWORK_LIB -DQT_CORE_LIB -I. -Ilib/rtklib -isystem /usr/include/x86_64-linux-gnu/qt5 -isystem /usr/include/x86_64-linux-gnu/qt5/QtPrintSupport -isystem /usr/include/x86_64-linux-gnu/qt5/QtWidgets -isystem /usr/include/x86_64-linux-gnu/qt5/QtGui -isystem /usr/include/x86_64-linux-gnu/qt5/QtNetwork -isystem /usr/include/x86_64-linux-gnu/qt5/QtCore -I. -I. -I/usr/lib/x86_64-linux-gnu/qt5/mkspecs/linux-g++-64 -o options1.o options1.cpp
g++ -c -m64 -pipe -std=c++0x -g -Wall -W -D_REENTRANT -fPIC -DQT_PRINTSUPPORT_LIB -DQT_WIDGETS_LIB -DQT_GUI_LIB -DQT_NETWORK_LIB -DQT_CORE_LIB -I. -Ilib/rtklib -isystem /usr/include/x86_64-linux-gnu/qt5 -isystem /usr/include/x86_64-linux-gnu/qt5/QtPrintSupport -isystem /usr/include/x86_64-linux-gnu/qt5/QtWidgets -isystem /usr/include/x86_64-linux-gnu/qt5/QtGui -isystem /usr/include/x86_64-linux-gnu/qt5/QtNetwork -isystem /usr/include/x86_64-linux-gnu/qt5/QtCore -I. -I. -I/usr/lib/x86_64-linux-gnu/qt5/mkspecs/linux-g++-64 -o affichesolutions.o affichesolutions.cpp
g++ -c -m64 -pipe -std=c++0x -g -Wall -W -D_REENTRANT -fPIC -DQT_PRINTSUPPORT_LIB -DQT_WIDGETS_LIB -DQT_GUI_LIB -DQT_NETWORK_LIB -DQT_CORE_LIB -I. -Ilib/rtklib -isystem /usr/include/x86_64-linux-gnu/qt5 -isystem /usr/include/x86_64-linux-gnu/qt5/QtPrintSupport -isystem /usr/include/x86_64-linux-gnu/qt5/QtWidgets -isystem /usr/include/x86_64-linux-gnu/qt5/QtGui -isystem /usr/include/x86_64-linux-gnu/qt5/QtNetwork -isystem /usr/include/x86_64-linux-gnu/qt5/QtCore -I. -I. -I/usr/lib/x86_64-linux-gnu/qt5/mkspecs/linux-g++-64 -o options2.o options2.cpp
gcc -c -m64 -pipe -ansi -pedantic -DTRACE -DENAGLO -DENAGAL -DENAQZS -DNFREQ=3 -g -Wall -W -D_REENTRANT -fPIC -DQT_PRINTSUPPORT_LIB -DQT_WIDGETS_LIB -DQT_GUI_LIB -DQT_NETWORK_LIB -DQT_CORE_LIB -I. -Ilib/rtklib -isystem /usr/include/x86_64-linux-gnu/qt5 -isystem /usr/include/x86_64-linux-gnu/qt5/QtPrintSupport -isystem /usr/include/x86_64-linux-gnu/qt5/QtWidgets -isystem /usr/include/x86_64-linux-gnu/qt5/QtGui -isystem /usr/include/x86_64-linux-gnu/qt5/QtNetwork -isystem /usr/include/x86_64-linux-gnu/qt5/QtCore -I. -I. -I/usr/lib/x86_64-linux-gnu/qt5/mkspecs/linux-g++-64 -o vt.o vt.c
vt.c: In function ‘vt_open’:
vt.c:65:5: warning: useless type name in empty declaration
     vt_t;
     ^
gcc -c -m64 -pipe -ansi -pedantic -DTRACE -DENAGLO -DENAGAL -DENAQZS -DNFREQ=3 -g -Wall -W -D_REENTRANT -fPIC -DQT_PRINTSUPPORT_LIB -DQT_WIDGETS_LIB -DQT_GUI_LIB -DQT_NETWORK_LIB -DQT_CORE_LIB -I. -Ilib/rtklib -isystem /usr/include/x86_64-linux-gnu/qt5 -isystem /usr/include/x86_64-linux-gnu/qt5/QtPrintSupport -isystem /usr/include/x86_64-linux-gnu/qt5/QtWidgets -isystem /usr/include/x86_64-linux-gnu/qt5/QtGui -isystem /usr/include/x86_64-linux-gnu/qt5/QtNetwork -isystem /usr/include/x86_64-linux-gnu/qt5/QtCore -I. -I. -I/usr/lib/x86_64-linux-gnu/qt5/mkspecs/linux-g++-64 -o rtkrcv.o rtkrcv.c
rtkrcv.c:131:1: warning: missing initializer for field ‘rcvantp’ of ‘filopt_t {aka struct <anonymous>}’ [-Wmissing-field-initializers]
 static filopt_t filopt={""};          /* file options */
 ^
In file included from rtkrcv.c:55:0:
lib/rtklib/rtklib.h:1121:10: note: ‘rcvantp’ declared here
     char rcvantp[MAXSTRPATH]; /* receiver antenna parameters file */
          ^
rtkrcv.c: In function ‘sendkeepalive’:
rtkrcv.c:268:34: warning: unused parameter ‘arg’ [-Wunused-parameter]
 static void *sendkeepalive(void *arg)
                                  ^
rtkrcv.c: In function ‘startsvr’:
rtkrcv.c:403:5: warning: missing initializer for field ‘marker’ of ‘sta_t {aka struct <anonymous>}’ [-Wmissing-field-initializers]
     static sta_t sta[MAXRCV]={{""}};
     ^
In file included from rtkrcv.c:55:0:
lib/rtklib/rtklib.h:901:10: note: ‘marker’ declared here
     char marker [MAXANT]; /* marker number */
          ^
rtkrcv.c: In function ‘prstatus’:
rtkrcv.c:742:13: warning: ISO C90 forbids mixed declarations and code [-Wdeclaration-after-statement]
             double a=pos[0]*R2D;
             ^
rtkrcv.c:753:13: warning: ISO C90 forbids mixed declarations and code [-Wdeclaration-after-statement]
             double d=vel[0];
             ^
rtkrcv.c:766:13: warning: ISO C90 forbids mixed declarations and code [-Wdeclaration-after-statement]
             double Xroverfixed=rtk.xa?rtk.xa[0]:0;
             ^
rtkrcv.c:802:5: warning: ISO C90 forbids mixed declarations and code [-Wdeclaration-after-statement]
     FILE* fichier = NULL;
     ^
rtkrcv.c:812:25: warning: ISO C90 does not support the ‘%lf’ gnu_printf format [-Wformat=]
         fprintf(fichier,"%lf\n",rtk.sol.rr[0]);
                         ^
rtkrcv.c:813:25: warning: ISO C90 does not support the ‘%lf’ gnu_printf format [-Wformat=]
         fprintf(fichier,"%lf\n",rtk.sol.rr[1]);
                         ^
rtkrcv.c:814:25: warning: ISO C90 does not support the ‘%lf’ gnu_printf format [-Wformat=]
         fprintf(fichier,"%lf\n",rtk.sol.rr[2]);
                         ^
rtkrcv.c:816:25: warning: ISO C90 does not support the ‘%lf’ gnu_printf format [-Wformat=]
         fprintf(fichier,"%lf\n",a);
                         ^
rtkrcv.c:817:25: warning: ISO C90 does not support the ‘%lf’ gnu_printf format [-Wformat=]
         fprintf(fichier,"%lf\n",b);
                         ^
rtkrcv.c:818:25: warning: ISO C90 does not support the ‘%lf’ gnu_printf format [-Wformat=]
         fprintf(fichier,"%lf\n",c);
                         ^
rtkrcv.c:825:48: warning: format not a string literal and no format arguments [-Wformat-security]
         fprintf(fichier,rtk.sol.time.time?tstr:"-");
                                                ^
rtkrcv.c:834:25: warning: ISO C90 does not support the ‘%lf’ gnu_printf format [-Wformat=]
         fprintf(fichier,"%lf\n",Xroverfixed);
                         ^
rtkrcv.c:835:25: warning: ISO C90 does not support the ‘%lf’ gnu_printf format [-Wformat=]
         fprintf(fichier,"%lf\n",Yroverfixed);
                         ^
rtkrcv.c:836:25: warning: ISO C90 does not support the ‘%lf’ gnu_printf format [-Wformat=]
         fprintf(fichier,"%lf\n",Zroverfixed);
                         ^
rtkrcv.c: In function ‘prsatellite’:
rtkrcv.c:888:9: warning: ISO C90 forbids mixed declarations and code [-Wdeclaration-after-statement]
         FILE* fichier = NULL;
         ^
rtkrcv.c: In function ‘prstream’:
rtkrcv.c:1088:5: warning: ISO C90 forbids mixed declarations and code [-Wdeclaration-after-statement]
     FILE* fichier = NULL;
     ^
rtkrcv.c: In function ‘cmd_start’:
rtkrcv.c:1192:30: warning: unused parameter ‘args’ [-Wunused-parameter]
 static void cmd_start(char **args, int narg, vt_t *vt)
                              ^
rtkrcv.c:1192:40: warning: unused parameter ‘narg’ [-Wunused-parameter]
 static void cmd_start(char **args, int narg, vt_t *vt)
                                        ^
rtkrcv.c: In function ‘cmd_stop’:
rtkrcv.c:1200:29: warning: unused parameter ‘args’ [-Wunused-parameter]
 static void cmd_stop(char **args, int narg, vt_t *vt)
                             ^
rtkrcv.c:1200:39: warning: unused parameter ‘narg’ [-Wunused-parameter]
 static void cmd_stop(char **args, int narg, vt_t *vt)
                                       ^
rtkrcv.c: In function ‘cmd_restart’:
rtkrcv.c:1208:32: warning: unused parameter ‘args’ [-Wunused-parameter]
 static void cmd_restart(char **args, int narg, vt_t *vt)
                                ^
rtkrcv.c:1208:42: warning: unused parameter ‘narg’ [-Wunused-parameter]
 static void cmd_restart(char **args, int narg, vt_t *vt)
                                          ^
rtkrcv.c: In function ‘cmd_error’:
rtkrcv.c:1302:30: warning: unused parameter ‘args’ [-Wunused-parameter]
 static void cmd_error(char **args, int narg, vt_t *vt)
                              ^
rtkrcv.c:1302:40: warning: unused parameter ‘narg’ [-Wunused-parameter]
 static void cmd_error(char **args, int narg, vt_t *vt)
                                        ^
rtkrcv.c: In function ‘ouvreVT’:
rtkrcv.c:1926:5: warning: ISO C90 forbids mixed declarations and code [-Wdeclaration-after-statement]
     int i,start=0,port=0,outstat=0,trace=0;
     ^
rtkrcv.c: In function ‘fermeVT’:
rtkrcv.c:2001:14: warning: ordered comparison of pointer with integer zero [-Wpedantic]
     if (trace>0) traceclose();
              ^
g++ -c -m64 -pipe -std=c++0x -g -Wall -W -D_REENTRANT -fPIC -DQT_PRINTSUPPORT_LIB -DQT_WIDGETS_LIB -DQT_GUI_LIB -DQT_NETWORK_LIB -DQT_CORE_LIB -I. -Ilib/rtklib -isystem /usr/include/x86_64-linux-gnu/qt5 -isystem /usr/include/x86_64-linux-gnu/qt5/QtPrintSupport -isystem /usr/include/x86_64-linux-gnu/qt5/QtWidgets -isystem /usr/include/x86_64-linux-gnu/qt5/QtGui -isystem /usr/include/x86_64-linux-gnu/qt5/QtNetwork -isystem /usr/include/x86_64-linux-gnu/qt5/QtCore -I. -I. -I/usr/lib/x86_64-linux-gnu/qt5/mkspecs/linux-g++-64 -o MainThread.o MainThread.cpp
gcc -c -m64 -pipe -ansi -pedantic -DTRACE -DENAGLO -DENAGAL -DENAQZS -DNFREQ=3 -g -Wall -W -D_REENTRANT -fPIC -DQT_PRINTSUPPORT_LIB -DQT_WIDGETS_LIB -DQT_GUI_LIB -DQT_NETWORK_LIB -DQT_CORE_LIB -I. -Ilib/rtklib -isystem /usr/include/x86_64-linux-gnu/qt5 -isystem /usr/include/x86_64-linux-gnu/qt5/QtPrintSupport -isystem /usr/include/x86_64-linux-gnu/qt5/QtWidgets -isystem /usr/include/x86_64-linux-gnu/qt5/QtGui -isystem /usr/include/x86_64-linux-gnu/qt5/QtNetwork -isystem /usr/include/x86_64-linux-gnu/qt5/QtCore -I. -I. -I/usr/lib/x86_64-linux-gnu/qt5/mkspecs/linux-g++-64 -o str2str.o str2str.c
str2str.c: In function ‘printhelp’:
str2str.c:127:15: warning: comparison between signed and unsigned integer expressions [-Wsign-compare]
     for (i=0;i<sizeof(help)/sizeof(*help);i++) fprintf(stderr,"%s\n",help[i]);
               ^
str2str.c: In function ‘sigfunc’:
str2str.c:131:25: warning: unused parameter ‘sig’ [-Wunused-parameter]
 static void sigfunc(int sig)
                         ^
str2str.c: In function ‘reload_srctbl’:
str2str.c:136:31: warning: unused parameter ‘sig’ [-Wunused-parameter]
 static void reload_srctbl(int sig)
                               ^
str2str.c: In function ‘mainstr2str’:
str2str.c:237:9: warning: unused variable ‘bps’ [-Wunused-variable]
     int bps[MAXSTR]={0},fmts[MAXSTR]={0},sta=0;
         ^
str2str.c:236:60: warning: unused variable ‘byte’ [-Wunused-variable]
     int types[MAXSTR]={STR_FILE,STR_FILE},stat[MAXSTR]={0},byte[MAXSTR]={0};
                                                            ^
str2str.c:236:43: warning: unused variable ‘stat’ [-Wunused-variable]
     int types[MAXSTR]={STR_FILE,STR_FILE},stat[MAXSTR]={0},byte[MAXSTR]={0};
                                           ^
str2str.c:235:17: warning: variable ‘dispint’ set but not used [-Wunused-but-set-variable]
     int i,j,n=0,dispint=5000,trlevel=0,opts[]={10000,10000,2000,32768,10,0,30,0};
                 ^
str2str.c:233:10: warning: unused variable ‘strmsg’ [-Wunused-variable]
     char strmsg[MAXSTRMSG]="",*antinfo="",*rcvinfo="";
          ^
str2str.c:227:16: warning: unused variable ‘ss’ [-Wunused-variable]
     const char ss[]={'E','-','W','C','C'};
                ^
str2str.c: In function ‘etatStream’:
str2str.c:373:16: warning: ISO C90 forbids mixed declarations and code [-Wdeclaration-after-statement]
                FILE* fichier = NULL;
                ^
str2str.c:357:9: warning: unused variable ‘types’ [-Wunused-variable]
     int types[MAXSTR]={STR_FILE,STR_FILE},stat[MAXSTR]={0},byte[MAXSTR]={0};
         ^
str2str.c:356:40: warning: unused variable ‘opts’ [-Wunused-variable]
     int i,j,n=0,dispint=5000,trlevel=0,opts[]={10000,10000,2000,32768,10,0,30};
                                        ^
str2str.c:356:30: warning: unused variable ‘trlevel’ [-Wunused-variable]
     int i,j,n=0,dispint=5000,trlevel=0,opts[]={10000,10000,2000,32768,10,0,30};
                              ^
str2str.c:356:17: warning: unused variable ‘dispint’ [-Wunused-variable]
     int i,j,n=0,dispint=5000,trlevel=0,opts[]={10000,10000,2000,32768,10,0,30};
                 ^
str2str.c:356:13: warning: unused variable ‘n’ [-Wunused-variable]
     int i,j,n=0,dispint=5000,trlevel=0,opts[]={10000,10000,2000,32768,10,0,30};
             ^
str2str.c:356:11: warning: unused variable ‘j’ [-Wunused-variable]
     int i,j,n=0,dispint=5000,trlevel=0,opts[]={10000,10000,2000,32768,10,0,30};
           ^
str2str.c:355:44: warning: unused variable ‘rcvinfo’ [-Wunused-variable]
     char strmsg[MAXSTRMSG]="",*antinfo="",*rcvinfo="";
                                            ^
str2str.c:355:32: warning: unused variable ‘antinfo’ [-Wunused-variable]
     char strmsg[MAXSTRMSG]="",*antinfo="",*rcvinfo="";
                                ^
str2str.c:353:48: warning: unused variable ‘opt’ [-Wunused-variable]
     char *local="",*proxy="",*msg="1004,1019",*opt="",buff[256],*p;
                                                ^
str2str.c:353:31: warning: unused variable ‘msg’ [-Wunused-variable]
     char *local="",*proxy="",*msg="1004,1019",*opt="",buff[256],*p;
                               ^
str2str.c:353:21: warning: unused variable ‘proxy’ [-Wunused-variable]
     char *local="",*proxy="",*msg="1004,1019",*opt="",buff[256],*p;
                     ^
str2str.c:353:11: warning: unused variable ‘local’ [-Wunused-variable]
     char *local="",*proxy="",*msg="1004,1019",*opt="",buff[256],*p;
           ^
str2str.c: In function ‘fermeStr2str’:
str2str.c:412:24: warning: passing argument 2 of ‘strsvrstop’ from incompatible pointer type [-Wincompatible-pointer-types]
     strsvrstop(&strsvr,cmd);
                        ^
In file included from str2str.c:35:0:
lib/rtklib/rtklib.h:1849:13: note: expected ‘char **’ but argument is of type ‘char *’
 EXPORT void strsvrstop (strsvr_t *svr, char **cmds);
             ^
str2str.c: In function ‘mainstr2str’:
str2str.c:347:1: warning: control reaches end of non-void function [-Wreturn-type]
 }
 ^
str2str.c: In function ‘etatStream’:
str2str.c:400:2: warning: control reaches end of non-void function [-Wreturn-type]
  }
  ^
g++ -c -m64 -pipe -std=c++0x -g -Wall -W -D_REENTRANT -fPIC -DQT_PRINTSUPPORT_LIB -DQT_WIDGETS_LIB -DQT_GUI_LIB -DQT_NETWORK_LIB -DQT_CORE_LIB -I. -Ilib/rtklib -isystem /usr/include/x86_64-linux-gnu/qt5 -isystem /usr/include/x86_64-linux-gnu/qt5/QtPrintSupport -isystem /usr/include/x86_64-linux-gnu/qt5/QtWidgets -isystem /usr/include/x86_64-linux-gnu/qt5/QtGui -isystem /usr/include/x86_64-linux-gnu/qt5/QtNetwork -isystem /usr/include/x86_64-linux-gnu/qt5/QtCore -I. -I. -I/usr/lib/x86_64-linux-gnu/qt5/mkspecs/linux-g++-64 -o MainthreadStr2str.o MainthreadStr2str.cpp
MainThread.cpp:299:141: warning: unused parameter ‘EPSG’ [-Wunused-parameter]
 void MainThread::sauvegardedansfichier(QString filePath, QString pointName, int numOfMeasures, float cycleLength, bool addMeasures, QString EPSG , bool AddGeoid , QString filePath_Geoid)
                                                                                                                                             ^
MainThread.cpp:299:172: warning: unused parameter ‘filePath_Geoid’ [-Wunused-parameter]
 void MainThread::sauvegardedansfichier(QString filePath, QString pointName, int numOfMeasures, float cycleLength, bool addMeasures, QString EPSG , bool AddGeoid , QString filePath_Geoid)
                                                                                                                                                                            ^
MainThread.cpp: In member function ‘void MainThread::setSYStime()’:
MainThread.cpp:523:16: warning: statement has no effect [-Wunused-value]
     emit (list);
                ^
g++ -c -m64 -pipe -std=c++0x -g -Wall -W -D_REENTRANT -fPIC -DQT_PRINTSUPPORT_LIB -DQT_WIDGETS_LIB -DQT_GUI_LIB -DQT_NETWORK_LIB -DQT_CORE_LIB -I. -Ilib/rtklib -isystem /usr/include/x86_64-linux-gnu/qt5 -isystem /usr/include/x86_64-linux-gnu/qt5/QtPrintSupport -isystem /usr/include/x86_64-linux-gnu/qt5/QtWidgets -isystem /usr/include/x86_64-linux-gnu/qt5/QtGui -isystem /usr/include/x86_64-linux-gnu/qt5/QtNetwork -isystem /usr/include/x86_64-linux-gnu/qt5/QtCore -I. -I. -I/usr/lib/x86_64-linux-gnu/qt5/mkspecs/linux-g++-64 -o affichestr2str.o affichestr2str.cpp
g++ -c -m64 -pipe -std=c++0x -g -Wall -W -D_REENTRANT -fPIC -DQT_PRINTSUPPORT_LIB -DQT_WIDGETS_LIB -DQT_GUI_LIB -DQT_NETWORK_LIB -DQT_CORE_LIB -I. -Ilib/rtklib -isystem /usr/include/x86_64-linux-gnu/qt5 -isystem /usr/include/x86_64-linux-gnu/qt5/QtPrintSupport -isystem /usr/include/x86_64-linux-gnu/qt5/QtWidgets -isystem /usr/include/x86_64-linux-gnu/qt5/QtGui -isystem /usr/include/x86_64-linux-gnu/qt5/QtNetwork -isystem /usr/include/x86_64-linux-gnu/qt5/QtCore -I. -I. -I/usr/lib/x86_64-linux-gnu/qt5/mkspecs/linux-g++-64 -o mainthreadreadfile.o mainthreadreadfile.cpp
g++ -c -m64 -pipe -std=c++0x -g -Wall -W -D_REENTRANT -fPIC -DQT_PRINTSUPPORT_LIB -DQT_WIDGETS_LIB -DQT_GUI_LIB -DQT_NETWORK_LIB -DQT_CORE_LIB -I. -Ilib/rtklib -isystem /usr/include/x86_64-linux-gnu/qt5 -isystem /usr/include/x86_64-linux-gnu/qt5/QtPrintSupport -isystem /usr/include/x86_64-linux-gnu/qt5/QtWidgets -isystem /usr/include/x86_64-linux-gnu/qt5/QtGui -isystem /usr/include/x86_64-linux-gnu/qt5/QtNetwork -isystem /usr/include/x86_64-linux-gnu/qt5/QtCore -I. -I. -I/usr/lib/x86_64-linux-gnu/qt5/mkspecs/linux-g++-64 -o optionsstr2str.o optionsstr2str.cpp
g++ -c -m64 -pipe -std=c++0x -g -Wall -W -D_REENTRANT -fPIC -DQT_PRINTSUPPORT_LIB -DQT_WIDGETS_LIB -DQT_GUI_LIB -DQT_NETWORK_LIB -DQT_CORE_LIB -I. -Ilib/rtklib -isystem /usr/include/x86_64-linux-gnu/qt5 -isystem /usr/include/x86_64-linux-gnu/qt5/QtPrintSupport -isystem /usr/include/x86_64-linux-gnu/qt5/QtWidgets -isystem /usr/include/x86_64-linux-gnu/qt5/QtGui -isystem /usr/include/x86_64-linux-gnu/qt5/QtNetwork -isystem /usr/include/x86_64-linux-gnu/qt5/QtCore -I. -I. -I/usr/lib/x86_64-linux-gnu/qt5/mkspecs/linux-g++-64 -o qcustomplot.o qcustomplot.cpp
g++ -c -m64 -pipe -std=c++0x -g -Wall -W -D_REENTRANT -fPIC -DQT_PRINTSUPPORT_LIB -DQT_WIDGETS_LIB -DQT_GUI_LIB -DQT_NETWORK_LIB -DQT_CORE_LIB -I. -Ilib/rtklib -isystem /usr/include/x86_64-linux-gnu/qt5 -isystem /usr/include/x86_64-linux-gnu/qt5/QtPrintSupport -isystem /usr/include/x86_64-linux-gnu/qt5/QtWidgets -isystem /usr/include/x86_64-linux-gnu/qt5/QtGui -isystem /usr/include/x86_64-linux-gnu/qt5/QtNetwork -isystem /usr/include/x86_64-linux-gnu/qt5/QtCore -I. -I. -I/usr/lib/x86_64-linux-gnu/qt5/mkspecs/linux-g++-64 -o gestionconfig.o gestionconfig.cpp
g++ -c -m64 -pipe -std=c++0x -g -Wall -W -D_REENTRANT -fPIC -DQT_PRINTSUPPORT_LIB -DQT_WIDGETS_LIB -DQT_GUI_LIB -DQT_NETWORK_LIB -DQT_CORE_LIB -I. -Ilib/rtklib -isystem /usr/include/x86_64-linux-gnu/qt5 -isystem /usr/include/x86_64-linux-gnu/qt5/QtPrintSupport -isystem /usr/include/x86_64-linux-gnu/qt5/QtWidgets -isystem /usr/include/x86_64-linux-gnu/qt5/QtGui -isystem /usr/include/x86_64-linux-gnu/qt5/QtNetwork -isystem /usr/include/x86_64-linux-gnu/qt5/QtCore -I. -I. -I/usr/lib/x86_64-linux-gnu/qt5/mkspecs/linux-g++-64 -o choixedite.o choixedite.cpp
g++ -c -m64 -pipe -std=c++0x -g -Wall -W -D_REENTRANT -fPIC -DQT_PRINTSUPPORT_LIB -DQT_WIDGETS_LIB -DQT_GUI_LIB -DQT_NETWORK_LIB -DQT_CORE_LIB -I. -Ilib/rtklib -isystem /usr/include/x86_64-linux-gnu/qt5 -isystem /usr/include/x86_64-linux-gnu/qt5/QtPrintSupport -isystem /usr/include/x86_64-linux-gnu/qt5/QtWidgets -isystem /usr/include/x86_64-linux-gnu/qt5/QtGui -isystem /usr/include/x86_64-linux-gnu/qt5/QtNetwork -isystem /usr/include/x86_64-linux-gnu/qt5/QtCore -I. -I. -I/usr/lib/x86_64-linux-gnu/qt5/mkspecs/linux-g++-64 -o editeconfig.o editeconfig.cpp
affichestr2str.cpp: In constructor ‘AfficheStr2str::AfficheStr2str(std::vector<std::__cxx11::basic_string<char> >, QWidget*)’:
affichestr2str.cpp:83:12: warning: unused variable ‘lat’ [-Wunused-variable]
     double lat =(m_str1.toDouble(&ok));
            ^
affichestr2str.cpp:84:12: warning: unused variable ‘lon’ [-Wunused-variable]
     double lon =(m_str2.toDouble(&ok));
            ^
affichestr2str.cpp:85:12: warning: unused variable ‘h’ [-Wunused-variable]
     double h =(m_str3.toDouble(&ok));
            ^
affichestr2str.cpp: At global scope:
affichestr2str.cpp:29:52: warning: unused parameter ‘arga’ [-Wunused-parameter]
 AfficheStr2str::AfficheStr2str(std::vector<string> arga, QWidget *parent) :
                                                    ^
g++ -c -m64 -pipe -std=c++0x -g -Wall -W -D_REENTRANT -fPIC -DQT_PRINTSUPPORT_LIB -DQT_WIDGETS_LIB -DQT_GUI_LIB -DQT_NETWORK_LIB -DQT_CORE_LIB -I. -Ilib/rtklib -isystem /usr/include/x86_64-linux-gnu/qt5 -isystem /usr/include/x86_64-linux-gnu/qt5/QtPrintSupport -isystem /usr/include/x86_64-linux-gnu/qt5/QtWidgets -isystem /usr/include/x86_64-linux-gnu/qt5/QtGui -isystem /usr/include/x86_64-linux-gnu/qt5/QtNetwork -isystem /usr/include/x86_64-linux-gnu/qt5/QtCore -I. -I. -I/usr/lib/x86_64-linux-gnu/qt5/mkspecs/linux-g++-64 -o choixstr2str.o choixstr2str.cpp
g++ -c -m64 -pipe -std=c++0x -g -Wall -W -D_REENTRANT -fPIC -DQT_PRINTSUPPORT_LIB -DQT_WIDGETS_LIB -DQT_GUI_LIB -DQT_NETWORK_LIB -DQT_CORE_LIB -I. -Ilib/rtklib -isystem /usr/include/x86_64-linux-gnu/qt5 -isystem /usr/include/x86_64-linux-gnu/qt5/QtPrintSupport -isystem /usr/include/x86_64-linux-gnu/qt5/QtWidgets -isystem /usr/include/x86_64-linux-gnu/qt5/QtGui -isystem /usr/include/x86_64-linux-gnu/qt5/QtNetwork -isystem /usr/include/x86_64-linux-gnu/qt5/QtCore -I. -I. -I/usr/lib/x86_64-linux-gnu/qt5/mkspecs/linux-g++-64 -o choixconfig.o choixconfig.cpp
g++ -c -m64 -pipe -std=c++0x -g -Wall -W -D_REENTRANT -fPIC -DQT_PRINTSUPPORT_LIB -DQT_WIDGETS_LIB -DQT_GUI_LIB -DQT_NETWORK_LIB -DQT_CORE_LIB -I. -Ilib/rtklib -isystem /usr/include/x86_64-linux-gnu/qt5 -isystem /usr/include/x86_64-linux-gnu/qt5/QtPrintSupport -isystem /usr/include/x86_64-linux-gnu/qt5/QtWidgets -isystem /usr/include/x86_64-linux-gnu/qt5/QtGui -isystem /usr/include/x86_64-linux-gnu/qt5/QtNetwork -isystem /usr/include/x86_64-linux-gnu/qt5/QtCore -I. -I. -I/usr/lib/x86_64-linux-gnu/qt5/mkspecs/linux-g++-64 -o optionssauvepoints.o optionssauvepoints.cpp
g++ -c -m64 -pipe -std=c++0x -g -Wall -W -D_REENTRANT -fPIC -DQT_PRINTSUPPORT_LIB -DQT_WIDGETS_LIB -DQT_GUI_LIB -DQT_NETWORK_LIB -DQT_CORE_LIB -I. -Ilib/rtklib -isystem /usr/include/x86_64-linux-gnu/qt5 -isystem /usr/include/x86_64-linux-gnu/qt5/QtPrintSupport -isystem /usr/include/x86_64-linux-gnu/qt5/QtWidgets -isystem /usr/include/x86_64-linux-gnu/qt5/QtGui -isystem /usr/include/x86_64-linux-gnu/qt5/QtNetwork -isystem /usr/include/x86_64-linux-gnu/qt5/QtCore -I. -I. -I/usr/lib/x86_64-linux-gnu/qt5/mkspecs/linux-g++-64 -o clavier.o clavier.cpp
g++ -c -m64 -pipe -std=c++0x -g -Wall -W -D_REENTRANT -fPIC -DQT_PRINTSUPPORT_LIB -DQT_WIDGETS_LIB -DQT_GUI_LIB -DQT_NETWORK_LIB -DQT_CORE_LIB -I. -Ilib/rtklib -isystem /usr/include/x86_64-linux-gnu/qt5 -isystem /usr/include/x86_64-linux-gnu/qt5/QtPrintSupport -isystem /usr/include/x86_64-linux-gnu/qt5/QtWidgets -isystem /usr/include/x86_64-linux-gnu/qt5/QtGui -isystem /usr/include/x86_64-linux-gnu/qt5/QtNetwork -isystem /usr/include/x86_64-linux-gnu/qt5/QtCore -I. -I. -I/usr/lib/x86_64-linux-gnu/qt5/mkspecs/linux-g++-64 -o mylineedit.o mylineedit.cpp
g++ -c -m64 -pipe -std=c++0x -g -Wall -W -D_REENTRANT -fPIC -DQT_PRINTSUPPORT_LIB -DQT_WIDGETS_LIB -DQT_GUI_LIB -DQT_NETWORK_LIB -DQT_CORE_LIB -I. -Ilib/rtklib -isystem /usr/include/x86_64-linux-gnu/qt5 -isystem /usr/include/x86_64-linux-gnu/qt5/QtPrintSupport -isystem /usr/include/x86_64-linux-gnu/qt5/QtWidgets -isystem /usr/include/x86_64-linux-gnu/qt5/QtGui -isystem /usr/include/x86_64-linux-gnu/qt5/QtNetwork -isystem /usr/include/x86_64-linux-gnu/qt5/QtCore -I. -I. -I/usr/lib/x86_64-linux-gnu/qt5/mkspecs/linux-g++-64 -o mycombobox.o mycombobox.cpp
g++ -c -m64 -pipe -std=c++0x -g -Wall -W -D_REENTRANT -fPIC -DQT_PRINTSUPPORT_LIB -DQT_WIDGETS_LIB -DQT_GUI_LIB -DQT_NETWORK_LIB -DQT_CORE_LIB -I. -Ilib/rtklib -isystem /usr/include/x86_64-linux-gnu/qt5 -isystem /usr/include/x86_64-linux-gnu/qt5/QtPrintSupport -isystem /usr/include/x86_64-linux-gnu/qt5/QtWidgets -isystem /usr/include/x86_64-linux-gnu/qt5/QtGui -isystem /usr/include/x86_64-linux-gnu/qt5/QtNetwork -isystem /usr/include/x86_64-linux-gnu/qt5/QtCore -I. -I. -I/usr/lib/x86_64-linux-gnu/qt5/mkspecs/linux-g++-64 -o approxcoord.o approxcoord.cpp
g++ -c -m64 -pipe -std=c++0x -g -Wall -W -D_REENTRANT -fPIC -DQT_PRINTSUPPORT_LIB -DQT_WIDGETS_LIB -DQT_GUI_LIB -DQT_NETWORK_LIB -DQT_CORE_LIB -I. -Ilib/rtklib -isystem /usr/include/x86_64-linux-gnu/qt5 -isystem /usr/include/x86_64-linux-gnu/qt5/QtPrintSupport -isystem /usr/include/x86_64-linux-gnu/qt5/QtWidgets -isystem /usr/include/x86_64-linux-gnu/qt5/QtGui -isystem /usr/include/x86_64-linux-gnu/qt5/QtNetwork -isystem /usr/include/x86_64-linux-gnu/qt5/QtCore -I. -I. -I/usr/lib/x86_64-linux-gnu/qt5/mkspecs/linux-g++-64 -o downloader.o downloader.cpp
g++ -c -m64 -pipe -std=c++0x -g -Wall -W -D_REENTRANT -fPIC -DQT_PRINTSUPPORT_LIB -DQT_WIDGETS_LIB -DQT_GUI_LIB -DQT_NETWORK_LIB -DQT_CORE_LIB -I. -Ilib/rtklib -isystem /usr/include/x86_64-linux-gnu/qt5 -isystem /usr/include/x86_64-linux-gnu/qt5/QtPrintSupport -isystem /usr/include/x86_64-linux-gnu/qt5/QtWidgets -isystem /usr/include/x86_64-linux-gnu/qt5/QtGui -isystem /usr/include/x86_64-linux-gnu/qt5/QtNetwork -isystem /usr/include/x86_64-linux-gnu/qt5/QtCore -I. -I. -I/usr/lib/x86_64-linux-gnu/qt5/mkspecs/linux-g++-64 -o gpstime.o gpstime.cpp
g++ -c -m64 -pipe -std=c++0x -g -Wall -W -D_REENTRANT -fPIC -DQT_PRINTSUPPORT_LIB -DQT_WIDGETS_LIB -DQT_GUI_LIB -DQT_NETWORK_LIB -DQT_CORE_LIB -I. -Ilib/rtklib -isystem /usr/include/x86_64-linux-gnu/qt5 -isystem /usr/include/x86_64-linux-gnu/qt5/QtPrintSupport -isystem /usr/include/x86_64-linux-gnu/qt5/QtWidgets -isystem /usr/include/x86_64-linux-gnu/qt5/QtGui -isystem /usr/include/x86_64-linux-gnu/qt5/QtNetwork -isystem /usr/include/x86_64-linux-gnu/qt5/QtCore -I. -I. -I/usr/lib/x86_64-linux-gnu/qt5/mkspecs/linux-g++-64 -o mydialog.o mydialog.cpp
g++ -c -m64 -pipe -std=c++0x -g -Wall -W -D_REENTRANT -fPIC -DQT_PRINTSUPPORT_LIB -DQT_WIDGETS_LIB -DQT_GUI_LIB -DQT_NETWORK_LIB -DQT_CORE_LIB -I. -Ilib/rtklib -isystem /usr/include/x86_64-linux-gnu/qt5 -isystem /usr/include/x86_64-linux-gnu/qt5/QtPrintSupport -isystem /usr/include/x86_64-linux-gnu/qt5/QtWidgets -isystem /usr/include/x86_64-linux-gnu/qt5/QtGui -isystem /usr/include/x86_64-linux-gnu/qt5/QtNetwork -isystem /usr/include/x86_64-linux-gnu/qt5/QtCore -I. -I. -I/usr/lib/x86_64-linux-gnu/qt5/mkspecs/linux-g++-64 -o mymessagehandler.o mymessagehandler.cpp
g++ -c -m64 -pipe -std=c++0x -g -Wall -W -D_REENTRANT -fPIC -DQT_PRINTSUPPORT_LIB -DQT_WIDGETS_LIB -DQT_GUI_LIB -DQT_NETWORK_LIB -DQT_CORE_LIB -I. -Ilib/rtklib -isystem /usr/include/x86_64-linux-gnu/qt5 -isystem /usr/include/x86_64-linux-gnu/qt5/QtPrintSupport -isystem /usr/include/x86_64-linux-gnu/qt5/QtWidgets -isystem /usr/include/x86_64-linux-gnu/qt5/QtGui -isystem /usr/include/x86_64-linux-gnu/qt5/QtNetwork -isystem /usr/include/x86_64-linux-gnu/qt5/QtCore -I. -I. -I/usr/lib/x86_64-linux-gnu/qt5/mkspecs/linux-g++-64 -o rnx2rtkp.o rnx2rtkp.cpp
g++ -c -m64 -pipe -std=c++0x -g -Wall -W -D_REENTRANT -fPIC -DQT_PRINTSUPPORT_LIB -DQT_WIDGETS_LIB -DQT_GUI_LIB -DQT_NETWORK_LIB -DQT_CORE_LIB -I. -Ilib/rtklib -isystem /usr/include/x86_64-linux-gnu/qt5 -isystem /usr/include/x86_64-linux-gnu/qt5/QtPrintSupport -isystem /usr/include/x86_64-linux-gnu/qt5/QtWidgets -isystem /usr/include/x86_64-linux-gnu/qt5/QtGui -isystem /usr/include/x86_64-linux-gnu/qt5/QtNetwork -isystem /usr/include/x86_64-linux-gnu/qt5/QtCore -I. -I. -I/usr/lib/x86_64-linux-gnu/qt5/mkspecs/linux-g++-64 -o station.o station.cpp
g++ -c -m64 -pipe -std=c++0x -g -Wall -W -D_REENTRANT -fPIC -DQT_PRINTSUPPORT_LIB -DQT_WIDGETS_LIB -DQT_GUI_LIB -DQT_NETWORK_LIB -DQT_CORE_LIB -I. -Ilib/rtklib -isystem /usr/include/x86_64-linux-gnu/qt5 -isystem /usr/include/x86_64-linux-gnu/qt5/QtPrintSupport -isystem /usr/include/x86_64-linux-gnu/qt5/QtWidgets -isystem /usr/include/x86_64-linux-gnu/qt5/QtGui -isystem /usr/include/x86_64-linux-gnu/qt5/QtNetwork -isystem /usr/include/x86_64-linux-gnu/qt5/QtCore -I. -I. -I/usr/lib/x86_64-linux-gnu/qt5/mkspecs/linux-g++-64 -o optionsstartatboot.o optionsstartatboot.cpp
mymessagehandler.cpp: In function ‘void myMessageHandler(QtMsgType, const QMessageLogContext&, const QString&)’:
mymessagehandler.cpp:36:12: warning: enumeration value ‘QtInfoMsg’ not handled in switch [-Wswitch]
     switch (type) {
            ^
/usr/lib/x86_64-linux-gnu/qt5/bin/moc -DQT_PRINTSUPPORT_LIB -DQT_WIDGETS_LIB -DQT_GUI_LIB -DQT_NETWORK_LIB -DQT_CORE_LIB -I/usr/lib/x86_64-linux-gnu/qt5/mkspecs/linux-g++-64 -I/home/francklin/RTKLIB_Touchscreen_GUI_2.43/RTKBASE -I/home/francklin/RTKLIB_Touchscreen_GUI_2.43/RTKBASE/lib/rtklib -I/usr/include/x86_64-linux-gnu/qt5 -I/usr/include/x86_64-linux-gnu/qt5/QtPrintSupport -I/usr/include/x86_64-linux-gnu/qt5/QtWidgets -I/usr/include/x86_64-linux-gnu/qt5/QtGui -I/usr/include/x86_64-linux-gnu/qt5/QtNetwork -I/usr/include/x86_64-linux-gnu/qt5/QtCore -I/usr/include/c++/5 -I/usr/include/x86_64-linux-gnu/c++/5 -I/usr/include/c++/5/backward -I/usr/lib/gcc/x86_64-linux-gnu/5/include -I/usr/local/include -I/usr/lib/gcc/x86_64-linux-gnu/5/include-fixed -I/usr/include/x86_64-linux-gnu -I/usr/include mainwindow.h -o moc_mainwindow.cpp
/usr/lib/x86_64-linux-gnu/qt5/bin/moc -DQT_PRINTSUPPORT_LIB -DQT_WIDGETS_LIB -DQT_GUI_LIB -DQT_NETWORK_LIB -DQT_CORE_LIB -I/usr/lib/x86_64-linux-gnu/qt5/mkspecs/linux-g++-64 -I/home/francklin/RTKLIB_Touchscreen_GUI_2.43/RTKBASE -I/home/francklin/RTKLIB_Touchscreen_GUI_2.43/RTKBASE/lib/rtklib -I/usr/include/x86_64-linux-gnu/qt5 -I/usr/include/x86_64-linux-gnu/qt5/QtPrintSupport -I/usr/include/x86_64-linux-gnu/qt5/QtWidgets -I/usr/include/x86_64-linux-gnu/qt5/QtGui -I/usr/include/x86_64-linux-gnu/qt5/QtNetwork -I/usr/include/x86_64-linux-gnu/qt5/QtCore -I/usr/include/c++/5 -I/usr/include/x86_64-linux-gnu/c++/5 -I/usr/include/c++/5/backward -I/usr/lib/gcc/x86_64-linux-gnu/5/include -I/usr/local/include -I/usr/lib/gcc/x86_64-linux-gnu/5/include-fixed -I/usr/include/x86_64-linux-gnu -I/usr/include threadheuresysteme.h -o moc_threadheuresysteme.cpp
/usr/lib/x86_64-linux-gnu/qt5/bin/moc -DQT_PRINTSUPPORT_LIB -DQT_WIDGETS_LIB -DQT_GUI_LIB -DQT_NETWORK_LIB -DQT_CORE_LIB -I/usr/lib/x86_64-linux-gnu/qt5/mkspecs/linux-g++-64 -I/home/francklin/RTKLIB_Touchscreen_GUI_2.43/RTKBASE -I/home/francklin/RTKLIB_Touchscreen_GUI_2.43/RTKBASE/lib/rtklib -I/usr/include/x86_64-linux-gnu/qt5 -I/usr/include/x86_64-linux-gnu/qt5/QtPrintSupport -I/usr/include/x86_64-linux-gnu/qt5/QtWidgets -I/usr/include/x86_64-linux-gnu/qt5/QtGui -I/usr/include/x86_64-linux-gnu/qt5/QtNetwork -I/usr/include/x86_64-linux-gnu/qt5/QtCore -I/usr/include/c++/5 -I/usr/include/x86_64-linux-gnu/c++/5 -I/usr/include/c++/5/backward -I/usr/lib/gcc/x86_64-linux-gnu/5/include -I/usr/local/include -I/usr/lib/gcc/x86_64-linux-gnu/5/include-fixed -I/usr/include/x86_64-linux-gnu -I/usr/include magraphicsscene.h -o moc_magraphicsscene.cpp
/usr/lib/x86_64-linux-gnu/qt5/bin/moc -DQT_PRINTSUPPORT_LIB -DQT_WIDGETS_LIB -DQT_GUI_LIB -DQT_NETWORK_LIB -DQT_CORE_LIB -I/usr/lib/x86_64-linux-gnu/qt5/mkspecs/linux-g++-64 -I/home/francklin/RTKLIB_Touchscreen_GUI_2.43/RTKBASE -I/home/francklin/RTKLIB_Touchscreen_GUI_2.43/RTKBASE/lib/rtklib -I/usr/include/x86_64-linux-gnu/qt5 -I/usr/include/x86_64-linux-gnu/qt5/QtPrintSupport -I/usr/include/x86_64-linux-gnu/qt5/QtWidgets -I/usr/include/x86_64-linux-gnu/qt5/QtGui -I/usr/include/x86_64-linux-gnu/qt5/QtNetwork -I/usr/include/x86_64-linux-gnu/qt5/QtCore -I/usr/include/c++/5 -I/usr/include/x86_64-linux-gnu/c++/5 -I/usr/include/c++/5/backward -I/usr/lib/gcc/x86_64-linux-gnu/5/include -I/usr/local/include -I/usr/lib/gcc/x86_64-linux-gnu/5/include-fixed -I/usr/include/x86_64-linux-gnu -I/usr/include options1.h -o moc_options1.cpp
/usr/lib/x86_64-linux-gnu/qt5/bin/moc -DQT_PRINTSUPPORT_LIB -DQT_WIDGETS_LIB -DQT_GUI_LIB -DQT_NETWORK_LIB -DQT_CORE_LIB -I/usr/lib/x86_64-linux-gnu/qt5/mkspecs/linux-g++-64 -I/home/francklin/RTKLIB_Touchscreen_GUI_2.43/RTKBASE -I/home/francklin/RTKLIB_Touchscreen_GUI_2.43/RTKBASE/lib/rtklib -I/usr/include/x86_64-linux-gnu/qt5 -I/usr/include/x86_64-linux-gnu/qt5/QtPrintSupport -I/usr/include/x86_64-linux-gnu/qt5/QtWidgets -I/usr/include/x86_64-linux-gnu/qt5/QtGui -I/usr/include/x86_64-linux-gnu/qt5/QtNetwork -I/usr/include/x86_64-linux-gnu/qt5/QtCore -I/usr/include/c++/5 -I/usr/include/x86_64-linux-gnu/c++/5 -I/usr/include/c++/5/backward -I/usr/lib/gcc/x86_64-linux-gnu/5/include -I/usr/local/include -I/usr/lib/gcc/x86_64-linux-gnu/5/include-fixed -I/usr/include/x86_64-linux-gnu -I/usr/include affichesolutions.h -o moc_affichesolutions.cpp
/usr/lib/x86_64-linux-gnu/qt5/bin/moc -DQT_PRINTSUPPORT_LIB -DQT_WIDGETS_LIB -DQT_GUI_LIB -DQT_NETWORK_LIB -DQT_CORE_LIB -I/usr/lib/x86_64-linux-gnu/qt5/mkspecs/linux-g++-64 -I/home/francklin/RTKLIB_Touchscreen_GUI_2.43/RTKBASE -I/home/francklin/RTKLIB_Touchscreen_GUI_2.43/RTKBASE/lib/rtklib -I/usr/include/x86_64-linux-gnu/qt5 -I/usr/include/x86_64-linux-gnu/qt5/QtPrintSupport -I/usr/include/x86_64-linux-gnu/qt5/QtWidgets -I/usr/include/x86_64-linux-gnu/qt5/QtGui -I/usr/include/x86_64-linux-gnu/qt5/QtNetwork -I/usr/include/x86_64-linux-gnu/qt5/QtCore -I/usr/include/c++/5 -I/usr/include/x86_64-linux-gnu/c++/5 -I/usr/include/c++/5/backward -I/usr/lib/gcc/x86_64-linux-gnu/5/include -I/usr/local/include -I/usr/lib/gcc/x86_64-linux-gnu/5/include-fixed -I/usr/include/x86_64-linux-gnu -I/usr/include options2.h -o moc_options2.cpp
/usr/lib/x86_64-linux-gnu/qt5/bin/moc -DQT_PRINTSUPPORT_LIB -DQT_WIDGETS_LIB -DQT_GUI_LIB -DQT_NETWORK_LIB -DQT_CORE_LIB -I/usr/lib/x86_64-linux-gnu/qt5/mkspecs/linux-g++-64 -I/home/francklin/RTKLIB_Touchscreen_GUI_2.43/RTKBASE -I/home/francklin/RTKLIB_Touchscreen_GUI_2.43/RTKBASE/lib/rtklib -I/usr/include/x86_64-linux-gnu/qt5 -I/usr/include/x86_64-linux-gnu/qt5/QtPrintSupport -I/usr/include/x86_64-linux-gnu/qt5/QtWidgets -I/usr/include/x86_64-linux-gnu/qt5/QtGui -I/usr/include/x86_64-linux-gnu/qt5/QtNetwork -I/usr/include/x86_64-linux-gnu/qt5/QtCore -I/usr/include/c++/5 -I/usr/include/x86_64-linux-gnu/c++/5 -I/usr/include/c++/5/backward -I/usr/lib/gcc/x86_64-linux-gnu/5/include -I/usr/local/include -I/usr/lib/gcc/x86_64-linux-gnu/5/include-fixed -I/usr/include/x86_64-linux-gnu -I/usr/include MainThread.h -o moc_MainThread.cpp
/usr/lib/x86_64-linux-gnu/qt5/bin/moc -DQT_PRINTSUPPORT_LIB -DQT_WIDGETS_LIB -DQT_GUI_LIB -DQT_NETWORK_LIB -DQT_CORE_LIB -I/usr/lib/x86_64-linux-gnu/qt5/mkspecs/linux-g++-64 -I/home/francklin/RTKLIB_Touchscreen_GUI_2.43/RTKBASE -I/home/francklin/RTKLIB_Touchscreen_GUI_2.43/RTKBASE/lib/rtklib -I/usr/include/x86_64-linux-gnu/qt5 -I/usr/include/x86_64-linux-gnu/qt5/QtPrintSupport -I/usr/include/x86_64-linux-gnu/qt5/QtWidgets -I/usr/include/x86_64-linux-gnu/qt5/QtGui -I/usr/include/x86_64-linux-gnu/qt5/QtNetwork -I/usr/include/x86_64-linux-gnu/qt5/QtCore -I/usr/include/c++/5 -I/usr/include/x86_64-linux-gnu/c++/5 -I/usr/include/c++/5/backward -I/usr/lib/gcc/x86_64-linux-gnu/5/include -I/usr/local/include -I/usr/lib/gcc/x86_64-linux-gnu/5/include-fixed -I/usr/include/x86_64-linux-gnu -I/usr/include MainthreadStr2str.h -o moc_MainthreadStr2str.cpp
/usr/lib/x86_64-linux-gnu/qt5/bin/moc -DQT_PRINTSUPPORT_LIB -DQT_WIDGETS_LIB -DQT_GUI_LIB -DQT_NETWORK_LIB -DQT_CORE_LIB -I/usr/lib/x86_64-linux-gnu/qt5/mkspecs/linux-g++-64 -I/home/francklin/RTKLIB_Touchscreen_GUI_2.43/RTKBASE -I/home/francklin/RTKLIB_Touchscreen_GUI_2.43/RTKBASE/lib/rtklib -I/usr/include/x86_64-linux-gnu/qt5 -I/usr/include/x86_64-linux-gnu/qt5/QtPrintSupport -I/usr/include/x86_64-linux-gnu/qt5/QtWidgets -I/usr/include/x86_64-linux-gnu/qt5/QtGui -I/usr/include/x86_64-linux-gnu/qt5/QtNetwork -I/usr/include/x86_64-linux-gnu/qt5/QtCore -I/usr/include/c++/5 -I/usr/include/x86_64-linux-gnu/c++/5 -I/usr/include/c++/5/backward -I/usr/lib/gcc/x86_64-linux-gnu/5/include -I/usr/local/include -I/usr/lib/gcc/x86_64-linux-gnu/5/include-fixed -I/usr/include/x86_64-linux-gnu -I/usr/include affichestr2str.h -o moc_affichestr2str.cpp
/usr/lib/x86_64-linux-gnu/qt5/bin/moc -DQT_PRINTSUPPORT_LIB -DQT_WIDGETS_LIB -DQT_GUI_LIB -DQT_NETWORK_LIB -DQT_CORE_LIB -I/usr/lib/x86_64-linux-gnu/qt5/mkspecs/linux-g++-64 -I/home/francklin/RTKLIB_Touchscreen_GUI_2.43/RTKBASE -I/home/francklin/RTKLIB_Touchscreen_GUI_2.43/RTKBASE/lib/rtklib -I/usr/include/x86_64-linux-gnu/qt5 -I/usr/include/x86_64-linux-gnu/qt5/QtPrintSupport -I/usr/include/x86_64-linux-gnu/qt5/QtWidgets -I/usr/include/x86_64-linux-gnu/qt5/QtGui -I/usr/include/x86_64-linux-gnu/qt5/QtNetwork -I/usr/include/x86_64-linux-gnu/qt5/QtCore -I/usr/include/c++/5 -I/usr/include/x86_64-linux-gnu/c++/5 -I/usr/include/c++/5/backward -I/usr/lib/gcc/x86_64-linux-gnu/5/include -I/usr/local/include -I/usr/lib/gcc/x86_64-linux-gnu/5/include-fixed -I/usr/include/x86_64-linux-gnu -I/usr/include mainthreadreadfile.h -o moc_mainthreadreadfile.cpp
/usr/lib/x86_64-linux-gnu/qt5/bin/moc -DQT_PRINTSUPPORT_LIB -DQT_WIDGETS_LIB -DQT_GUI_LIB -DQT_NETWORK_LIB -DQT_CORE_LIB -I/usr/lib/x86_64-linux-gnu/qt5/mkspecs/linux-g++-64 -I/home/francklin/RTKLIB_Touchscreen_GUI_2.43/RTKBASE -I/home/francklin/RTKLIB_Touchscreen_GUI_2.43/RTKBASE/lib/rtklib -I/usr/include/x86_64-linux-gnu/qt5 -I/usr/include/x86_64-linux-gnu/qt5/QtPrintSupport -I/usr/include/x86_64-linux-gnu/qt5/QtWidgets -I/usr/include/x86_64-linux-gnu/qt5/QtGui -I/usr/include/x86_64-linux-gnu/qt5/QtNetwork -I/usr/include/x86_64-linux-gnu/qt5/QtCore -I/usr/include/c++/5 -I/usr/include/x86_64-linux-gnu/c++/5 -I/usr/include/c++/5/backward -I/usr/lib/gcc/x86_64-linux-gnu/5/include -I/usr/local/include -I/usr/lib/gcc/x86_64-linux-gnu/5/include-fixed -I/usr/include/x86_64-linux-gnu -I/usr/include optionsstr2str.h -o moc_optionsstr2str.cpp
/usr/lib/x86_64-linux-gnu/qt5/bin/moc -DQT_PRINTSUPPORT_LIB -DQT_WIDGETS_LIB -DQT_GUI_LIB -DQT_NETWORK_LIB -DQT_CORE_LIB -I/usr/lib/x86_64-linux-gnu/qt5/mkspecs/linux-g++-64 -I/home/francklin/RTKLIB_Touchscreen_GUI_2.43/RTKBASE -I/home/francklin/RTKLIB_Touchscreen_GUI_2.43/RTKBASE/lib/rtklib -I/usr/include/x86_64-linux-gnu/qt5 -I/usr/include/x86_64-linux-gnu/qt5/QtPrintSupport -I/usr/include/x86_64-linux-gnu/qt5/QtWidgets -I/usr/include/x86_64-linux-gnu/qt5/QtGui -I/usr/include/x86_64-linux-gnu/qt5/QtNetwork -I/usr/include/x86_64-linux-gnu/qt5/QtCore -I/usr/include/c++/5 -I/usr/include/x86_64-linux-gnu/c++/5 -I/usr/include/c++/5/backward -I/usr/lib/gcc/x86_64-linux-gnu/5/include -I/usr/local/include -I/usr/lib/gcc/x86_64-linux-gnu/5/include-fixed -I/usr/include/x86_64-linux-gnu -I/usr/include qcustomplot.h -o moc_qcustomplot.cpp
/usr/lib/x86_64-linux-gnu/qt5/bin/moc -DQT_PRINTSUPPORT_LIB -DQT_WIDGETS_LIB -DQT_GUI_LIB -DQT_NETWORK_LIB -DQT_CORE_LIB -I/usr/lib/x86_64-linux-gnu/qt5/mkspecs/linux-g++-64 -I/home/francklin/RTKLIB_Touchscreen_GUI_2.43/RTKBASE -I/home/francklin/RTKLIB_Touchscreen_GUI_2.43/RTKBASE/lib/rtklib -I/usr/include/x86_64-linux-gnu/qt5 -I/usr/include/x86_64-linux-gnu/qt5/QtPrintSupport -I/usr/include/x86_64-linux-gnu/qt5/QtWidgets -I/usr/include/x86_64-linux-gnu/qt5/QtGui -I/usr/include/x86_64-linux-gnu/qt5/QtNetwork -I/usr/include/x86_64-linux-gnu/qt5/QtCore -I/usr/include/c++/5 -I/usr/include/x86_64-linux-gnu/c++/5 -I/usr/include/c++/5/backward -I/usr/lib/gcc/x86_64-linux-gnu/5/include -I/usr/local/include -I/usr/lib/gcc/x86_64-linux-gnu/5/include-fixed -I/usr/include/x86_64-linux-gnu -I/usr/include gestionconfig.h -o moc_gestionconfig.cpp
rnx2rtkp.cpp: In member function ‘void Rnx2rtkp::final_results(QString)’:
rnx2rtkp.cpp:527:9: warning: variable ‘Min_station’ set but not used [-Wunused-but-set-variable]
     int Min_station;
         ^
/usr/lib/x86_64-linux-gnu/qt5/bin/moc -DQT_PRINTSUPPORT_LIB -DQT_WIDGETS_LIB -DQT_GUI_LIB -DQT_NETWORK_LIB -DQT_CORE_LIB -I/usr/lib/x86_64-linux-gnu/qt5/mkspecs/linux-g++-64 -I/home/francklin/RTKLIB_Touchscreen_GUI_2.43/RTKBASE -I/home/francklin/RTKLIB_Touchscreen_GUI_2.43/RTKBASE/lib/rtklib -I/usr/include/x86_64-linux-gnu/qt5 -I/usr/include/x86_64-linux-gnu/qt5/QtPrintSupport -I/usr/include/x86_64-linux-gnu/qt5/QtWidgets -I/usr/include/x86_64-linux-gnu/qt5/QtGui -I/usr/include/x86_64-linux-gnu/qt5/QtNetwork -I/usr/include/x86_64-linux-gnu/qt5/QtCore -I/usr/include/c++/5 -I/usr/include/x86_64-linux-gnu/c++/5 -I/usr/include/c++/5/backward -I/usr/lib/gcc/x86_64-linux-gnu/5/include -I/usr/local/include -I/usr/lib/gcc/x86_64-linux-gnu/5/include-fixed -I/usr/include/x86_64-linux-gnu -I/usr/include choixedite.h -o moc_choixedite.cpp
/usr/lib/x86_64-linux-gnu/qt5/bin/moc -DQT_PRINTSUPPORT_LIB -DQT_WIDGETS_LIB -DQT_GUI_LIB -DQT_NETWORK_LIB -DQT_CORE_LIB -I/usr/lib/x86_64-linux-gnu/qt5/mkspecs/linux-g++-64 -I/home/francklin/RTKLIB_Touchscreen_GUI_2.43/RTKBASE -I/home/francklin/RTKLIB_Touchscreen_GUI_2.43/RTKBASE/lib/rtklib -I/usr/include/x86_64-linux-gnu/qt5 -I/usr/include/x86_64-linux-gnu/qt5/QtPrintSupport -I/usr/include/x86_64-linux-gnu/qt5/QtWidgets -I/usr/include/x86_64-linux-gnu/qt5/QtGui -I/usr/include/x86_64-linux-gnu/qt5/QtNetwork -I/usr/include/x86_64-linux-gnu/qt5/QtCore -I/usr/include/c++/5 -I/usr/include/x86_64-linux-gnu/c++/5 -I/usr/include/c++/5/backward -I/usr/lib/gcc/x86_64-linux-gnu/5/include -I/usr/local/include -I/usr/lib/gcc/x86_64-linux-gnu/5/include-fixed -I/usr/include/x86_64-linux-gnu -I/usr/include editeconfig.h -o moc_editeconfig.cpp
/usr/lib/x86_64-linux-gnu/qt5/bin/moc -DQT_PRINTSUPPORT_LIB -DQT_WIDGETS_LIB -DQT_GUI_LIB -DQT_NETWORK_LIB -DQT_CORE_LIB -I/usr/lib/x86_64-linux-gnu/qt5/mkspecs/linux-g++-64 -I/home/francklin/RTKLIB_Touchscreen_GUI_2.43/RTKBASE -I/home/francklin/RTKLIB_Touchscreen_GUI_2.43/RTKBASE/lib/rtklib -I/usr/include/x86_64-linux-gnu/qt5 -I/usr/include/x86_64-linux-gnu/qt5/QtPrintSupport -I/usr/include/x86_64-linux-gnu/qt5/QtWidgets -I/usr/include/x86_64-linux-gnu/qt5/QtGui -I/usr/include/x86_64-linux-gnu/qt5/QtNetwork -I/usr/include/x86_64-linux-gnu/qt5/QtCore -I/usr/include/c++/5 -I/usr/include/x86_64-linux-gnu/c++/5 -I/usr/include/c++/5/backward -I/usr/lib/gcc/x86_64-linux-gnu/5/include -I/usr/local/include -I/usr/lib/gcc/x86_64-linux-gnu/5/include-fixed -I/usr/include/x86_64-linux-gnu -I/usr/include choixstr2str.h -o moc_choixstr2str.cpp
/usr/lib/x86_64-linux-gnu/qt5/bin/moc -DQT_PRINTSUPPORT_LIB -DQT_WIDGETS_LIB -DQT_GUI_LIB -DQT_NETWORK_LIB -DQT_CORE_LIB -I/usr/lib/x86_64-linux-gnu/qt5/mkspecs/linux-g++-64 -I/home/francklin/RTKLIB_Touchscreen_GUI_2.43/RTKBASE -I/home/francklin/RTKLIB_Touchscreen_GUI_2.43/RTKBASE/lib/rtklib -I/usr/include/x86_64-linux-gnu/qt5 -I/usr/include/x86_64-linux-gnu/qt5/QtPrintSupport -I/usr/include/x86_64-linux-gnu/qt5/QtWidgets -I/usr/include/x86_64-linux-gnu/qt5/QtGui -I/usr/include/x86_64-linux-gnu/qt5/QtNetwork -I/usr/include/x86_64-linux-gnu/qt5/QtCore -I/usr/include/c++/5 -I/usr/include/x86_64-linux-gnu/c++/5 -I/usr/include/c++/5/backward -I/usr/lib/gcc/x86_64-linux-gnu/5/include -I/usr/local/include -I/usr/lib/gcc/x86_64-linux-gnu/5/include-fixed -I/usr/include/x86_64-linux-gnu -I/usr/include choixconfig.h -o moc_choixconfig.cpp
/usr/lib/x86_64-linux-gnu/qt5/bin/moc -DQT_PRINTSUPPORT_LIB -DQT_WIDGETS_LIB -DQT_GUI_LIB -DQT_NETWORK_LIB -DQT_CORE_LIB -I/usr/lib/x86_64-linux-gnu/qt5/mkspecs/linux-g++-64 -I/home/francklin/RTKLIB_Touchscreen_GUI_2.43/RTKBASE -I/home/francklin/RTKLIB_Touchscreen_GUI_2.43/RTKBASE/lib/rtklib -I/usr/include/x86_64-linux-gnu/qt5 -I/usr/include/x86_64-linux-gnu/qt5/QtPrintSupport -I/usr/include/x86_64-linux-gnu/qt5/QtWidgets -I/usr/include/x86_64-linux-gnu/qt5/QtGui -I/usr/include/x86_64-linux-gnu/qt5/QtNetwork -I/usr/include/x86_64-linux-gnu/qt5/QtCore -I/usr/include/c++/5 -I/usr/include/x86_64-linux-gnu/c++/5 -I/usr/include/c++/5/backward -I/usr/lib/gcc/x86_64-linux-gnu/5/include -I/usr/local/include -I/usr/lib/gcc/x86_64-linux-gnu/5/include-fixed -I/usr/include/x86_64-linux-gnu -I/usr/include optionssauvepoints.h -o moc_optionssauvepoints.cpp
/usr/lib/x86_64-linux-gnu/qt5/bin/moc -DQT_PRINTSUPPORT_LIB -DQT_WIDGETS_LIB -DQT_GUI_LIB -DQT_NETWORK_LIB -DQT_CORE_LIB -I/usr/lib/x86_64-linux-gnu/qt5/mkspecs/linux-g++-64 -I/home/francklin/RTKLIB_Touchscreen_GUI_2.43/RTKBASE -I/home/francklin/RTKLIB_Touchscreen_GUI_2.43/RTKBASE/lib/rtklib -I/usr/include/x86_64-linux-gnu/qt5 -I/usr/include/x86_64-linux-gnu/qt5/QtPrintSupport -I/usr/include/x86_64-linux-gnu/qt5/QtWidgets -I/usr/include/x86_64-linux-gnu/qt5/QtGui -I/usr/include/x86_64-linux-gnu/qt5/QtNetwork -I/usr/include/x86_64-linux-gnu/qt5/QtCore -I/usr/include/c++/5 -I/usr/include/x86_64-linux-gnu/c++/5 -I/usr/include/c++/5/backward -I/usr/lib/gcc/x86_64-linux-gnu/5/include -I/usr/local/include -I/usr/lib/gcc/x86_64-linux-gnu/5/include-fixed -I/usr/include/x86_64-linux-gnu -I/usr/include clavier.h -o moc_clavier.cpp
/usr/lib/x86_64-linux-gnu/qt5/bin/moc -DQT_PRINTSUPPORT_LIB -DQT_WIDGETS_LIB -DQT_GUI_LIB -DQT_NETWORK_LIB -DQT_CORE_LIB -I/usr/lib/x86_64-linux-gnu/qt5/mkspecs/linux-g++-64 -I/home/francklin/RTKLIB_Touchscreen_GUI_2.43/RTKBASE -I/home/francklin/RTKLIB_Touchscreen_GUI_2.43/RTKBASE/lib/rtklib -I/usr/include/x86_64-linux-gnu/qt5 -I/usr/include/x86_64-linux-gnu/qt5/QtPrintSupport -I/usr/include/x86_64-linux-gnu/qt5/QtWidgets -I/usr/include/x86_64-linux-gnu/qt5/QtGui -I/usr/include/x86_64-linux-gnu/qt5/QtNetwork -I/usr/include/x86_64-linux-gnu/qt5/QtCore -I/usr/include/c++/5 -I/usr/include/x86_64-linux-gnu/c++/5 -I/usr/include/c++/5/backward -I/usr/lib/gcc/x86_64-linux-gnu/5/include -I/usr/local/include -I/usr/lib/gcc/x86_64-linux-gnu/5/include-fixed -I/usr/include/x86_64-linux-gnu -I/usr/include mylineedit.h -o moc_mylineedit.cpp
/usr/lib/x86_64-linux-gnu/qt5/bin/moc -DQT_PRINTSUPPORT_LIB -DQT_WIDGETS_LIB -DQT_GUI_LIB -DQT_NETWORK_LIB -DQT_CORE_LIB -I/usr/lib/x86_64-linux-gnu/qt5/mkspecs/linux-g++-64 -I/home/francklin/RTKLIB_Touchscreen_GUI_2.43/RTKBASE -I/home/francklin/RTKLIB_Touchscreen_GUI_2.43/RTKBASE/lib/rtklib -I/usr/include/x86_64-linux-gnu/qt5 -I/usr/include/x86_64-linux-gnu/qt5/QtPrintSupport -I/usr/include/x86_64-linux-gnu/qt5/QtWidgets -I/usr/include/x86_64-linux-gnu/qt5/QtGui -I/usr/include/x86_64-linux-gnu/qt5/QtNetwork -I/usr/include/x86_64-linux-gnu/qt5/QtCore -I/usr/include/c++/5 -I/usr/include/x86_64-linux-gnu/c++/5 -I/usr/include/c++/5/backward -I/usr/lib/gcc/x86_64-linux-gnu/5/include -I/usr/local/include -I/usr/lib/gcc/x86_64-linux-gnu/5/include-fixed -I/usr/include/x86_64-linux-gnu -I/usr/include mycombobox.h -o moc_mycombobox.cpp
station.cpp:310:81: warning: unused parameter ‘TIME_OF_FIRST_OBS’ [-Wunused-parameter]
 QVector<QString> Station::data_file_nearest_sation(int doy,int yyyy,QVector<int>TIME_OF_FIRST_OBS,QVector<int>TIME_OF_LAST_OBS,int i)
                                                                                 ^
/usr/lib/x86_64-linux-gnu/qt5/bin/moc -DQT_PRINTSUPPORT_LIB -DQT_WIDGETS_LIB -DQT_GUI_LIB -DQT_NETWORK_LIB -DQT_CORE_LIB -I/usr/lib/x86_64-linux-gnu/qt5/mkspecs/linux-g++-64 -I/home/francklin/RTKLIB_Touchscreen_GUI_2.43/RTKBASE -I/home/francklin/RTKLIB_Touchscreen_GUI_2.43/RTKBASE/lib/rtklib -I/usr/include/x86_64-linux-gnu/qt5 -I/usr/include/x86_64-linux-gnu/qt5/QtPrintSupport -I/usr/include/x86_64-linux-gnu/qt5/QtWidgets -I/usr/include/x86_64-linux-gnu/qt5/QtGui -I/usr/include/x86_64-linux-gnu/qt5/QtNetwork -I/usr/include/x86_64-linux-gnu/qt5/QtCore -I/usr/include/c++/5 -I/usr/include/x86_64-linux-gnu/c++/5 -I/usr/include/c++/5/backward -I/usr/lib/gcc/x86_64-linux-gnu/5/include -I/usr/local/include -I/usr/lib/gcc/x86_64-linux-gnu/5/include-fixed -I/usr/include/x86_64-linux-gnu -I/usr/include downloader.h -o moc_downloader.cpp
/usr/lib/x86_64-linux-gnu/qt5/bin/moc -DQT_PRINTSUPPORT_LIB -DQT_WIDGETS_LIB -DQT_GUI_LIB -DQT_NETWORK_LIB -DQT_CORE_LIB -I/usr/lib/x86_64-linux-gnu/qt5/mkspecs/linux-g++-64 -I/home/francklin/RTKLIB_Touchscreen_GUI_2.43/RTKBASE -I/home/francklin/RTKLIB_Touchscreen_GUI_2.43/RTKBASE/lib/rtklib -I/usr/include/x86_64-linux-gnu/qt5 -I/usr/include/x86_64-linux-gnu/qt5/QtPrintSupport -I/usr/include/x86_64-linux-gnu/qt5/QtWidgets -I/usr/include/x86_64-linux-gnu/qt5/QtGui -I/usr/include/x86_64-linux-gnu/qt5/QtNetwork -I/usr/include/x86_64-linux-gnu/qt5/QtCore -I/usr/include/c++/5 -I/usr/include/x86_64-linux-gnu/c++/5 -I/usr/include/c++/5/backward -I/usr/lib/gcc/x86_64-linux-gnu/5/include -I/usr/local/include -I/usr/lib/gcc/x86_64-linux-gnu/5/include-fixed -I/usr/include/x86_64-linux-gnu -I/usr/include mydialog.h -o moc_mydialog.cpp
/usr/lib/x86_64-linux-gnu/qt5/bin/moc -DQT_PRINTSUPPORT_LIB -DQT_WIDGETS_LIB -DQT_GUI_LIB -DQT_NETWORK_LIB -DQT_CORE_LIB -I/usr/lib/x86_64-linux-gnu/qt5/mkspecs/linux-g++-64 -I/home/francklin/RTKLIB_Touchscreen_GUI_2.43/RTKBASE -I/home/francklin/RTKLIB_Touchscreen_GUI_2.43/RTKBASE/lib/rtklib -I/usr/include/x86_64-linux-gnu/qt5 -I/usr/include/x86_64-linux-gnu/qt5/QtPrintSupport -I/usr/include/x86_64-linux-gnu/qt5/QtWidgets -I/usr/include/x86_64-linux-gnu/qt5/QtGui -I/usr/include/x86_64-linux-gnu/qt5/QtNetwork -I/usr/include/x86_64-linux-gnu/qt5/QtCore -I/usr/include/c++/5 -I/usr/include/x86_64-linux-gnu/c++/5 -I/usr/include/c++/5/backward -I/usr/lib/gcc/x86_64-linux-gnu/5/include -I/usr/local/include -I/usr/lib/gcc/x86_64-linux-gnu/5/include-fixed -I/usr/include/x86_64-linux-gnu -I/usr/include optionsstartatboot.h -o moc_optionsstartatboot.cpp
g++ -c -m64 -pipe -std=c++0x -g -Wall -W -D_REENTRANT -fPIC -DQT_PRINTSUPPORT_LIB -DQT_WIDGETS_LIB -DQT_GUI_LIB -DQT_NETWORK_LIB -DQT_CORE_LIB -I. -Ilib/rtklib -isystem /usr/include/x86_64-linux-gnu/qt5 -isystem /usr/include/x86_64-linux-gnu/qt5/QtPrintSupport -isystem /usr/include/x86_64-linux-gnu/qt5/QtWidgets -isystem /usr/include/x86_64-linux-gnu/qt5/QtGui -isystem /usr/include/x86_64-linux-gnu/qt5/QtNetwork -isystem /usr/include/x86_64-linux-gnu/qt5/QtCore -I. -I. -I/usr/lib/x86_64-linux-gnu/qt5/mkspecs/linux-g++-64 -o moc_mainwindow.o moc_mainwindow.cpp
g++ -c -m64 -pipe -std=c++0x -g -Wall -W -D_REENTRANT -fPIC -DQT_PRINTSUPPORT_LIB -DQT_WIDGETS_LIB -DQT_GUI_LIB -DQT_NETWORK_LIB -DQT_CORE_LIB -I. -Ilib/rtklib -isystem /usr/include/x86_64-linux-gnu/qt5 -isystem /usr/include/x86_64-linux-gnu/qt5/QtPrintSupport -isystem /usr/include/x86_64-linux-gnu/qt5/QtWidgets -isystem /usr/include/x86_64-linux-gnu/qt5/QtGui -isystem /usr/include/x86_64-linux-gnu/qt5/QtNetwork -isystem /usr/include/x86_64-linux-gnu/qt5/QtCore -I. -I. -I/usr/lib/x86_64-linux-gnu/qt5/mkspecs/linux-g++-64 -o moc_threadheuresysteme.o moc_threadheuresysteme.cpp
g++ -c -m64 -pipe -std=c++0x -g -Wall -W -D_REENTRANT -fPIC -DQT_PRINTSUPPORT_LIB -DQT_WIDGETS_LIB -DQT_GUI_LIB -DQT_NETWORK_LIB -DQT_CORE_LIB -I. -Ilib/rtklib -isystem /usr/include/x86_64-linux-gnu/qt5 -isystem /usr/include/x86_64-linux-gnu/qt5/QtPrintSupport -isystem /usr/include/x86_64-linux-gnu/qt5/QtWidgets -isystem /usr/include/x86_64-linux-gnu/qt5/QtGui -isystem /usr/include/x86_64-linux-gnu/qt5/QtNetwork -isystem /usr/include/x86_64-linux-gnu/qt5/QtCore -I. -I. -I/usr/lib/x86_64-linux-gnu/qt5/mkspecs/linux-g++-64 -o moc_magraphicsscene.o moc_magraphicsscene.cpp
g++ -c -m64 -pipe -std=c++0x -g -Wall -W -D_REENTRANT -fPIC -DQT_PRINTSUPPORT_LIB -DQT_WIDGETS_LIB -DQT_GUI_LIB -DQT_NETWORK_LIB -DQT_CORE_LIB -I. -Ilib/rtklib -isystem /usr/include/x86_64-linux-gnu/qt5 -isystem /usr/include/x86_64-linux-gnu/qt5/QtPrintSupport -isystem /usr/include/x86_64-linux-gnu/qt5/QtWidgets -isystem /usr/include/x86_64-linux-gnu/qt5/QtGui -isystem /usr/include/x86_64-linux-gnu/qt5/QtNetwork -isystem /usr/include/x86_64-linux-gnu/qt5/QtCore -I. -I. -I/usr/lib/x86_64-linux-gnu/qt5/mkspecs/linux-g++-64 -o moc_options1.o moc_options1.cpp
g++ -c -m64 -pipe -std=c++0x -g -Wall -W -D_REENTRANT -fPIC -DQT_PRINTSUPPORT_LIB -DQT_WIDGETS_LIB -DQT_GUI_LIB -DQT_NETWORK_LIB -DQT_CORE_LIB -I. -Ilib/rtklib -isystem /usr/include/x86_64-linux-gnu/qt5 -isystem /usr/include/x86_64-linux-gnu/qt5/QtPrintSupport -isystem /usr/include/x86_64-linux-gnu/qt5/QtWidgets -isystem /usr/include/x86_64-linux-gnu/qt5/QtGui -isystem /usr/include/x86_64-linux-gnu/qt5/QtNetwork -isystem /usr/include/x86_64-linux-gnu/qt5/QtCore -I. -I. -I/usr/lib/x86_64-linux-gnu/qt5/mkspecs/linux-g++-64 -o moc_affichesolutions.o moc_affichesolutions.cpp
g++ -c -m64 -pipe -std=c++0x -g -Wall -W -D_REENTRANT -fPIC -DQT_PRINTSUPPORT_LIB -DQT_WIDGETS_LIB -DQT_GUI_LIB -DQT_NETWORK_LIB -DQT_CORE_LIB -I. -Ilib/rtklib -isystem /usr/include/x86_64-linux-gnu/qt5 -isystem /usr/include/x86_64-linux-gnu/qt5/QtPrintSupport -isystem /usr/include/x86_64-linux-gnu/qt5/QtWidgets -isystem /usr/include/x86_64-linux-gnu/qt5/QtGui -isystem /usr/include/x86_64-linux-gnu/qt5/QtNetwork -isystem /usr/include/x86_64-linux-gnu/qt5/QtCore -I. -I. -I/usr/lib/x86_64-linux-gnu/qt5/mkspecs/linux-g++-64 -o moc_options2.o moc_options2.cpp
g++ -c -m64 -pipe -std=c++0x -g -Wall -W -D_REENTRANT -fPIC -DQT_PRINTSUPPORT_LIB -DQT_WIDGETS_LIB -DQT_GUI_LIB -DQT_NETWORK_LIB -DQT_CORE_LIB -I. -Ilib/rtklib -isystem /usr/include/x86_64-linux-gnu/qt5 -isystem /usr/include/x86_64-linux-gnu/qt5/QtPrintSupport -isystem /usr/include/x86_64-linux-gnu/qt5/QtWidgets -isystem /usr/include/x86_64-linux-gnu/qt5/QtGui -isystem /usr/include/x86_64-linux-gnu/qt5/QtNetwork -isystem /usr/include/x86_64-linux-gnu/qt5/QtCore -I. -I. -I/usr/lib/x86_64-linux-gnu/qt5/mkspecs/linux-g++-64 -o moc_MainThread.o moc_MainThread.cpp
g++ -c -m64 -pipe -std=c++0x -g -Wall -W -D_REENTRANT -fPIC -DQT_PRINTSUPPORT_LIB -DQT_WIDGETS_LIB -DQT_GUI_LIB -DQT_NETWORK_LIB -DQT_CORE_LIB -I. -Ilib/rtklib -isystem /usr/include/x86_64-linux-gnu/qt5 -isystem /usr/include/x86_64-linux-gnu/qt5/QtPrintSupport -isystem /usr/include/x86_64-linux-gnu/qt5/QtWidgets -isystem /usr/include/x86_64-linux-gnu/qt5/QtGui -isystem /usr/include/x86_64-linux-gnu/qt5/QtNetwork -isystem /usr/include/x86_64-linux-gnu/qt5/QtCore -I. -I. -I/usr/lib/x86_64-linux-gnu/qt5/mkspecs/linux-g++-64 -o moc_MainthreadStr2str.o moc_MainthreadStr2str.cpp
g++ -c -m64 -pipe -std=c++0x -g -Wall -W -D_REENTRANT -fPIC -DQT_PRINTSUPPORT_LIB -DQT_WIDGETS_LIB -DQT_GUI_LIB -DQT_NETWORK_LIB -DQT_CORE_LIB -I. -Ilib/rtklib -isystem /usr/include/x86_64-linux-gnu/qt5 -isystem /usr/include/x86_64-linux-gnu/qt5/QtPrintSupport -isystem /usr/include/x86_64-linux-gnu/qt5/QtWidgets -isystem /usr/include/x86_64-linux-gnu/qt5/QtGui -isystem /usr/include/x86_64-linux-gnu/qt5/QtNetwork -isystem /usr/include/x86_64-linux-gnu/qt5/QtCore -I. -I. -I/usr/lib/x86_64-linux-gnu/qt5/mkspecs/linux-g++-64 -o moc_affichestr2str.o moc_affichestr2str.cpp
g++ -c -m64 -pipe -std=c++0x -g -Wall -W -D_REENTRANT -fPIC -DQT_PRINTSUPPORT_LIB -DQT_WIDGETS_LIB -DQT_GUI_LIB -DQT_NETWORK_LIB -DQT_CORE_LIB -I. -Ilib/rtklib -isystem /usr/include/x86_64-linux-gnu/qt5 -isystem /usr/include/x86_64-linux-gnu/qt5/QtPrintSupport -isystem /usr/include/x86_64-linux-gnu/qt5/QtWidgets -isystem /usr/include/x86_64-linux-gnu/qt5/QtGui -isystem /usr/include/x86_64-linux-gnu/qt5/QtNetwork -isystem /usr/include/x86_64-linux-gnu/qt5/QtCore -I. -I. -I/usr/lib/x86_64-linux-gnu/qt5/mkspecs/linux-g++-64 -o moc_mainthreadreadfile.o moc_mainthreadreadfile.cpp
g++ -c -m64 -pipe -std=c++0x -g -Wall -W -D_REENTRANT -fPIC -DQT_PRINTSUPPORT_LIB -DQT_WIDGETS_LIB -DQT_GUI_LIB -DQT_NETWORK_LIB -DQT_CORE_LIB -I. -Ilib/rtklib -isystem /usr/include/x86_64-linux-gnu/qt5 -isystem /usr/include/x86_64-linux-gnu/qt5/QtPrintSupport -isystem /usr/include/x86_64-linux-gnu/qt5/QtWidgets -isystem /usr/include/x86_64-linux-gnu/qt5/QtGui -isystem /usr/include/x86_64-linux-gnu/qt5/QtNetwork -isystem /usr/include/x86_64-linux-gnu/qt5/QtCore -I. -I. -I/usr/lib/x86_64-linux-gnu/qt5/mkspecs/linux-g++-64 -o moc_optionsstr2str.o moc_optionsstr2str.cpp
g++ -c -m64 -pipe -std=c++0x -g -Wall -W -D_REENTRANT -fPIC -DQT_PRINTSUPPORT_LIB -DQT_WIDGETS_LIB -DQT_GUI_LIB -DQT_NETWORK_LIB -DQT_CORE_LIB -I. -Ilib/rtklib -isystem /usr/include/x86_64-linux-gnu/qt5 -isystem /usr/include/x86_64-linux-gnu/qt5/QtPrintSupport -isystem /usr/include/x86_64-linux-gnu/qt5/QtWidgets -isystem /usr/include/x86_64-linux-gnu/qt5/QtGui -isystem /usr/include/x86_64-linux-gnu/qt5/QtNetwork -isystem /usr/include/x86_64-linux-gnu/qt5/QtCore -I. -I. -I/usr/lib/x86_64-linux-gnu/qt5/mkspecs/linux-g++-64 -o moc_qcustomplot.o moc_qcustomplot.cpp
g++ -c -m64 -pipe -std=c++0x -g -Wall -W -D_REENTRANT -fPIC -DQT_PRINTSUPPORT_LIB -DQT_WIDGETS_LIB -DQT_GUI_LIB -DQT_NETWORK_LIB -DQT_CORE_LIB -I. -Ilib/rtklib -isystem /usr/include/x86_64-linux-gnu/qt5 -isystem /usr/include/x86_64-linux-gnu/qt5/QtPrintSupport -isystem /usr/include/x86_64-linux-gnu/qt5/QtWidgets -isystem /usr/include/x86_64-linux-gnu/qt5/QtGui -isystem /usr/include/x86_64-linux-gnu/qt5/QtNetwork -isystem /usr/include/x86_64-linux-gnu/qt5/QtCore -I. -I. -I/usr/lib/x86_64-linux-gnu/qt5/mkspecs/linux-g++-64 -o moc_gestionconfig.o moc_gestionconfig.cpp
g++ -c -m64 -pipe -std=c++0x -g -Wall -W -D_REENTRANT -fPIC -DQT_PRINTSUPPORT_LIB -DQT_WIDGETS_LIB -DQT_GUI_LIB -DQT_NETWORK_LIB -DQT_CORE_LIB -I. -Ilib/rtklib -isystem /usr/include/x86_64-linux-gnu/qt5 -isystem /usr/include/x86_64-linux-gnu/qt5/QtPrintSupport -isystem /usr/include/x86_64-linux-gnu/qt5/QtWidgets -isystem /usr/include/x86_64-linux-gnu/qt5/QtGui -isystem /usr/include/x86_64-linux-gnu/qt5/QtNetwork -isystem /usr/include/x86_64-linux-gnu/qt5/QtCore -I. -I. -I/usr/lib/x86_64-linux-gnu/qt5/mkspecs/linux-g++-64 -o moc_choixedite.o moc_choixedite.cpp
g++ -c -m64 -pipe -std=c++0x -g -Wall -W -D_REENTRANT -fPIC -DQT_PRINTSUPPORT_LIB -DQT_WIDGETS_LIB -DQT_GUI_LIB -DQT_NETWORK_LIB -DQT_CORE_LIB -I. -Ilib/rtklib -isystem /usr/include/x86_64-linux-gnu/qt5 -isystem /usr/include/x86_64-linux-gnu/qt5/QtPrintSupport -isystem /usr/include/x86_64-linux-gnu/qt5/QtWidgets -isystem /usr/include/x86_64-linux-gnu/qt5/QtGui -isystem /usr/include/x86_64-linux-gnu/qt5/QtNetwork -isystem /usr/include/x86_64-linux-gnu/qt5/QtCore -I. -I. -I/usr/lib/x86_64-linux-gnu/qt5/mkspecs/linux-g++-64 -o moc_editeconfig.o moc_editeconfig.cpp
g++ -c -m64 -pipe -std=c++0x -g -Wall -W -D_REENTRANT -fPIC -DQT_PRINTSUPPORT_LIB -DQT_WIDGETS_LIB -DQT_GUI_LIB -DQT_NETWORK_LIB -DQT_CORE_LIB -I. -Ilib/rtklib -isystem /usr/include/x86_64-linux-gnu/qt5 -isystem /usr/include/x86_64-linux-gnu/qt5/QtPrintSupport -isystem /usr/include/x86_64-linux-gnu/qt5/QtWidgets -isystem /usr/include/x86_64-linux-gnu/qt5/QtGui -isystem /usr/include/x86_64-linux-gnu/qt5/QtNetwork -isystem /usr/include/x86_64-linux-gnu/qt5/QtCore -I. -I. -I/usr/lib/x86_64-linux-gnu/qt5/mkspecs/linux-g++-64 -o moc_choixstr2str.o moc_choixstr2str.cpp
g++ -c -m64 -pipe -std=c++0x -g -Wall -W -D_REENTRANT -fPIC -DQT_PRINTSUPPORT_LIB -DQT_WIDGETS_LIB -DQT_GUI_LIB -DQT_NETWORK_LIB -DQT_CORE_LIB -I. -Ilib/rtklib -isystem /usr/include/x86_64-linux-gnu/qt5 -isystem /usr/include/x86_64-linux-gnu/qt5/QtPrintSupport -isystem /usr/include/x86_64-linux-gnu/qt5/QtWidgets -isystem /usr/include/x86_64-linux-gnu/qt5/QtGui -isystem /usr/include/x86_64-linux-gnu/qt5/QtNetwork -isystem /usr/include/x86_64-linux-gnu/qt5/QtCore -I. -I. -I/usr/lib/x86_64-linux-gnu/qt5/mkspecs/linux-g++-64 -o moc_choixconfig.o moc_choixconfig.cpp
g++ -c -m64 -pipe -std=c++0x -g -Wall -W -D_REENTRANT -fPIC -DQT_PRINTSUPPORT_LIB -DQT_WIDGETS_LIB -DQT_GUI_LIB -DQT_NETWORK_LIB -DQT_CORE_LIB -I. -Ilib/rtklib -isystem /usr/include/x86_64-linux-gnu/qt5 -isystem /usr/include/x86_64-linux-gnu/qt5/QtPrintSupport -isystem /usr/include/x86_64-linux-gnu/qt5/QtWidgets -isystem /usr/include/x86_64-linux-gnu/qt5/QtGui -isystem /usr/include/x86_64-linux-gnu/qt5/QtNetwork -isystem /usr/include/x86_64-linux-gnu/qt5/QtCore -I. -I. -I/usr/lib/x86_64-linux-gnu/qt5/mkspecs/linux-g++-64 -o moc_optionssauvepoints.o moc_optionssauvepoints.cpp
g++ -c -m64 -pipe -std=c++0x -g -Wall -W -D_REENTRANT -fPIC -DQT_PRINTSUPPORT_LIB -DQT_WIDGETS_LIB -DQT_GUI_LIB -DQT_NETWORK_LIB -DQT_CORE_LIB -I. -Ilib/rtklib -isystem /usr/include/x86_64-linux-gnu/qt5 -isystem /usr/include/x86_64-linux-gnu/qt5/QtPrintSupport -isystem /usr/include/x86_64-linux-gnu/qt5/QtWidgets -isystem /usr/include/x86_64-linux-gnu/qt5/QtGui -isystem /usr/include/x86_64-linux-gnu/qt5/QtNetwork -isystem /usr/include/x86_64-linux-gnu/qt5/QtCore -I. -I. -I/usr/lib/x86_64-linux-gnu/qt5/mkspecs/linux-g++-64 -o moc_clavier.o moc_clavier.cpp
g++ -c -m64 -pipe -std=c++0x -g -Wall -W -D_REENTRANT -fPIC -DQT_PRINTSUPPORT_LIB -DQT_WIDGETS_LIB -DQT_GUI_LIB -DQT_NETWORK_LIB -DQT_CORE_LIB -I. -Ilib/rtklib -isystem /usr/include/x86_64-linux-gnu/qt5 -isystem /usr/include/x86_64-linux-gnu/qt5/QtPrintSupport -isystem /usr/include/x86_64-linux-gnu/qt5/QtWidgets -isystem /usr/include/x86_64-linux-gnu/qt5/QtGui -isystem /usr/include/x86_64-linux-gnu/qt5/QtNetwork -isystem /usr/include/x86_64-linux-gnu/qt5/QtCore -I. -I. -I/usr/lib/x86_64-linux-gnu/qt5/mkspecs/linux-g++-64 -o moc_mylineedit.o moc_mylineedit.cpp
g++ -c -m64 -pipe -std=c++0x -g -Wall -W -D_REENTRANT -fPIC -DQT_PRINTSUPPORT_LIB -DQT_WIDGETS_LIB -DQT_GUI_LIB -DQT_NETWORK_LIB -DQT_CORE_LIB -I. -Ilib/rtklib -isystem /usr/include/x86_64-linux-gnu/qt5 -isystem /usr/include/x86_64-linux-gnu/qt5/QtPrintSupport -isystem /usr/include/x86_64-linux-gnu/qt5/QtWidgets -isystem /usr/include/x86_64-linux-gnu/qt5/QtGui -isystem /usr/include/x86_64-linux-gnu/qt5/QtNetwork -isystem /usr/include/x86_64-linux-gnu/qt5/QtCore -I. -I. -I/usr/lib/x86_64-linux-gnu/qt5/mkspecs/linux-g++-64 -o moc_mycombobox.o moc_mycombobox.cpp
g++ -c -m64 -pipe -std=c++0x -g -Wall -W -D_REENTRANT -fPIC -DQT_PRINTSUPPORT_LIB -DQT_WIDGETS_LIB -DQT_GUI_LIB -DQT_NETWORK_LIB -DQT_CORE_LIB -I. -Ilib/rtklib -isystem /usr/include/x86_64-linux-gnu/qt5 -isystem /usr/include/x86_64-linux-gnu/qt5/QtPrintSupport -isystem /usr/include/x86_64-linux-gnu/qt5/QtWidgets -isystem /usr/include/x86_64-linux-gnu/qt5/QtGui -isystem /usr/include/x86_64-linux-gnu/qt5/QtNetwork -isystem /usr/include/x86_64-linux-gnu/qt5/QtCore -I. -I. -I/usr/lib/x86_64-linux-gnu/qt5/mkspecs/linux-g++-64 -o moc_downloader.o moc_downloader.cpp
g++ -c -m64 -pipe -std=c++0x -g -Wall -W -D_REENTRANT -fPIC -DQT_PRINTSUPPORT_LIB -DQT_WIDGETS_LIB -DQT_GUI_LIB -DQT_NETWORK_LIB -DQT_CORE_LIB -I. -Ilib/rtklib -isystem /usr/include/x86_64-linux-gnu/qt5 -isystem /usr/include/x86_64-linux-gnu/qt5/QtPrintSupport -isystem /usr/include/x86_64-linux-gnu/qt5/QtWidgets -isystem /usr/include/x86_64-linux-gnu/qt5/QtGui -isystem /usr/include/x86_64-linux-gnu/qt5/QtNetwork -isystem /usr/include/x86_64-linux-gnu/qt5/QtCore -I. -I. -I/usr/lib/x86_64-linux-gnu/qt5/mkspecs/linux-g++-64 -o moc_mydialog.o moc_mydialog.cpp
g++ -c -m64 -pipe -std=c++0x -g -Wall -W -D_REENTRANT -fPIC -DQT_PRINTSUPPORT_LIB -DQT_WIDGETS_LIB -DQT_GUI_LIB -DQT_NETWORK_LIB -DQT_CORE_LIB -I. -Ilib/rtklib -isystem /usr/include/x86_64-linux-gnu/qt5 -isystem /usr/include/x86_64-linux-gnu/qt5/QtPrintSupport -isystem /usr/include/x86_64-linux-gnu/qt5/QtWidgets -isystem /usr/include/x86_64-linux-gnu/qt5/QtGui -isystem /usr/include/x86_64-linux-gnu/qt5/QtNetwork -isystem /usr/include/x86_64-linux-gnu/qt5/QtCore -I. -I. -I/usr/lib/x86_64-linux-gnu/qt5/mkspecs/linux-g++-64 -o moc_optionsstartatboot.o moc_optionsstartatboot.cpp
g++ -m64 -o RTKBASE main.o mainwindow.o threadheuresysteme.o magraphicsscene.o options1.o affichesolutions.o options2.o vt.o rtkrcv.o MainThread.o str2str.o MainthreadStr2str.o affichestr2str.o mainthreadreadfile.o optionsstr2str.o qcustomplot.o gestionconfig.o choixedite.o editeconfig.o choixstr2str.o choixconfig.o optionssauvepoints.o clavier.o mylineedit.o mycombobox.o approxcoord.o downloader.o gpstime.o mydialog.o mymessagehandler.o rnx2rtkp.o station.o optionsstartatboot.o moc_mainwindow.o moc_threadheuresysteme.o moc_magraphicsscene.o moc_options1.o moc_affichesolutions.o moc_options2.o moc_MainThread.o moc_MainthreadStr2str.o moc_affichestr2str.o moc_mainthreadreadfile.o moc_optionsstr2str.o moc_qcustomplot.o moc_gestionconfig.o moc_choixedite.o moc_editeconfig.o moc_choixstr2str.o moc_choixconfig.o moc_optionssauvepoints.o moc_clavier.o moc_mylineedit.o moc_mycombobox.o moc_downloader.o moc_mydialog.o moc_optionsstartatboot.o   -L/usr/X11R6/lib64 -L/home/francklin/RTKLIB_Touchscreen_GUI_2.43/RTKBASE/lib/rtklib/ -lrtk -lm -lrt -lQt5PrintSupport -lQt5Widgets -lQt5Gui -lQt5Network -lQt5Core -lGL -lpthread 
